INFO - 2024-11-10 11:59:35 --> Session: Class initialized using 'CodeIgniter\Session\Handlers\FileHandler' driver.
INFO - 2024-11-10 11:59:45 --> Session: Class initialized using 'CodeIgniter\Session\Handlers\FileHandler' driver.
INFO - 2024-11-10 12:01:49 --> Session: Class initialized using 'CodeIgniter\Session\Handlers\FileHandler' driver.
INFO - 2024-11-10 12:01:58 --> Session: Class initialized using 'CodeIgniter\Session\Handlers\FileHandler' driver.
INFO - 2024-11-10 12:02:31 --> Session: Class initialized using 'CodeIgniter\Session\Handlers\FileHandler' driver.
CRITICAL - 2024-11-10 12:07:57 --> ParseError: Unmatched '}'
[Method: GET, Route: layout/index]
in APPPATH\Views\layout\menu.php on line 59.
 1 SYSTEMPATH\View\View.php(237): CodeIgniter\View\View->CodeIgniter\View\{closure}()
 2 SYSTEMPATH\View\View.php(250): CodeIgniter\View\View->render('layout/menu', [], true)
 3 SYSTEMPATH\Common.php(1171): CodeIgniter\View\View->render('layout/beranda', [], true)
 4 APPPATH\Controllers\Layout.php(8): view('layout/beranda')
 5 SYSTEMPATH\CodeIgniter.php(933): App\Controllers\Layout->index()
 6 SYSTEMPATH\CodeIgniter.php(509): CodeIgniter\CodeIgniter->runController(Object(App\Controllers\Layout))
 7 SYSTEMPATH\CodeIgniter.php(355): CodeIgniter\CodeIgniter->handleRequest(null, Object(Config\Cache), false)
 8 SYSTEMPATH\Boot.php(325): CodeIgniter\CodeIgniter->run()
 9 SYSTEMPATH\Boot.php(67): CodeIgniter\Boot::runCodeIgniter(Object(CodeIgniter\CodeIgniter))
10 FCPATH\index.php(56): CodeIgniter\Boot::bootWeb(Object(Config\Paths))
11 SYSTEMPATH\rewrite.php(44): require_once('D:\\template\\MBL\\public\\index.php')
CRITICAL - 2024-11-10 13:09:27 --> CodeIgniter\View\Exceptions\ViewException: Invalid file: "pelanggan/v_pengurus.php"
[Method: GET, Route: Pelanggan/index]
in SYSTEMPATH\Exceptions\FrameworkException.php on line 41.
 1 SYSTEMPATH\View\View.php(222): CodeIgniter\Exceptions\FrameworkException::forInvalidFile('pelanggan/v_pengurus.php')
 2 SYSTEMPATH\Common.php(1171): CodeIgniter\View\View->render('pelanggan/v_pengurus', [], true)
 3 APPPATH\Controllers\Pelanggan.php(12): view('pelanggan/v_pengurus', [...])
 4 SYSTEMPATH\CodeIgniter.php(933): App\Controllers\Pelanggan->index()
 5 SYSTEMPATH\CodeIgniter.php(509): CodeIgniter\CodeIgniter->runController(Object(App\Controllers\Pelanggan))
 6 SYSTEMPATH\CodeIgniter.php(355): CodeIgniter\CodeIgniter->handleRequest(null, Object(Config\Cache), false)
 7 SYSTEMPATH\Boot.php(325): CodeIgniter\CodeIgniter->run()
 8 SYSTEMPATH\Boot.php(67): CodeIgniter\Boot::runCodeIgniter(Object(CodeIgniter\CodeIgniter))
 9 FCPATH\index.php(56): CodeIgniter\Boot::bootWeb(Object(Config\Paths))
10 SYSTEMPATH\rewrite.php(44): require_once('D:\\template\\MBL\\public\\index.php')
INFO - 2024-11-10 13:10:07 --> Session: Class initialized using 'CodeIgniter\Session\Handlers\FileHandler' driver.
INFO - 2024-11-10 13:10:45 --> Session: Class initialized using 'CodeIgniter\Session\Handlers\FileHandler' driver.
INFO - 2024-11-10 13:11:02 --> Session: Class initialized using 'CodeIgniter\Session\Handlers\FileHandler' driver.
INFO - 2024-11-10 13:11:21 --> Session: Class initialized using 'CodeIgniter\Session\Handlers\FileHandler' driver.
INFO - 2024-11-10 13:17:19 --> Session: Class initialized using 'CodeIgniter\Session\Handlers\FileHandler' driver.
INFO - 2024-11-10 13:17:34 --> Session: Class initialized using 'CodeIgniter\Session\Handlers\FileHandler' driver.
INFO - 2024-11-10 13:26:20 --> Session: Class initialized using 'CodeIgniter\Session\Handlers\FileHandler' driver.
INFO - 2024-11-10 13:26:32 --> Session: Class initialized using 'CodeIgniter\Session\Handlers\FileHandler' driver.
INFO - 2024-11-10 13:28:25 --> Session: Class initialized using 'CodeIgniter\Session\Handlers\FileHandler' driver.
INFO - 2024-11-10 13:56:29 --> Session: Class initialized using 'CodeIgniter\Session\Handlers\FileHandler' driver.
CRITICAL - 2024-11-10 13:56:32 --> ErrorException: Undefined variable $pelanggan
[Method: GET, Route: Karyawan/index]
in APPPATH\Views\karyawan\v_karyawan.php on line 47.
 1 APPPATH\Views\karyawan\v_karyawan.php(47): CodeIgniter\Debug\Exceptions->errorHandler(2, 'Undefined variable $pelanggan', 'D:\\template\\MBL\\app\\Views\\karyawan\\v_karyawan.php', 47)
 2 SYSTEMPATH\View\View.php(234): include('D:\\template\\MBL\\app\\Views\\karyawan\\v_karyawan.php')
 3 SYSTEMPATH\View\View.php(237): CodeIgniter\View\View->CodeIgniter\View\{closure}()
 4 SYSTEMPATH\Common.php(1171): CodeIgniter\View\View->render('karyawan/v_karyawan', [], true)
 5 APPPATH\Controllers\Karyawan.php(12): view('karyawan/v_karyawan', [...])
 6 SYSTEMPATH\CodeIgniter.php(933): App\Controllers\Karyawan->index()
 7 SYSTEMPATH\CodeIgniter.php(509): CodeIgniter\CodeIgniter->runController(Object(App\Controllers\Karyawan))
 8 SYSTEMPATH\CodeIgniter.php(355): CodeIgniter\CodeIgniter->handleRequest(null, Object(Config\Cache), false)
 9 SYSTEMPATH\Boot.php(325): CodeIgniter\CodeIgniter->run()
10 SYSTEMPATH\Boot.php(67): CodeIgniter\Boot::runCodeIgniter(Object(CodeIgniter\CodeIgniter))
11 FCPATH\index.php(56): CodeIgniter\Boot::bootWeb(Object(Config\Paths))
12 SYSTEMPATH\rewrite.php(44): require_once('D:\\template\\MBL\\public\\index.php')
INFO - 2024-11-10 13:56:51 --> Session: Class initialized using 'CodeIgniter\Session\Handlers\FileHandler' driver.
INFO - 2024-11-10 13:59:01 --> Session: Class initialized using 'CodeIgniter\Session\Handlers\FileHandler' driver.
INFO - 2024-11-10 13:59:03 --> Session: Class initialized using 'CodeIgniter\Session\Handlers\FileHandler' driver.
INFO - 2024-11-10 13:59:11 --> Session: Class initialized using 'CodeIgniter\Session\Handlers\FileHandler' driver.
INFO - 2024-11-10 13:59:18 --> Session: Class initialized using 'CodeIgniter\Session\Handlers\FileHandler' driver.
INFO - 2024-11-10 14:25:45 --> Session: Class initialized using 'CodeIgniter\Session\Handlers\FileHandler' driver.
CRITICAL - 2024-11-10 14:25:48 --> CodeIgniter\Database\Exceptions\DatabaseException: You must set the database table to be used with your query.
[Method: GET, Route: DataMobil/index]
in SYSTEMPATH\Database\BaseConnection.php on line 927.
 1 SYSTEMPATH\Model.php(716): CodeIgniter\Database\BaseConnection->table(null)
 2 SYSTEMPATH\Model.php(922): CodeIgniter\Model->builder()
 3 APPPATH\Controllers\DataMobil.php(11): CodeIgniter\Model->__call('getKaryawan', [])
 4 SYSTEMPATH\CodeIgniter.php(933): App\Controllers\DataMobil->index()
 5 SYSTEMPATH\CodeIgniter.php(509): CodeIgniter\CodeIgniter->runController(Object(App\Controllers\DataMobil))
 6 SYSTEMPATH\CodeIgniter.php(355): CodeIgniter\CodeIgniter->handleRequest(null, Object(Config\Cache), false)
 7 SYSTEMPATH\Boot.php(325): CodeIgniter\CodeIgniter->run()
 8 SYSTEMPATH\Boot.php(67): CodeIgniter\Boot::runCodeIgniter(Object(CodeIgniter\CodeIgniter))
 9 FCPATH\index.php(56): CodeIgniter\Boot::bootWeb(Object(Config\Paths))
10 SYSTEMPATH\rewrite.php(44): require_once('D:\\template\\MBL\\public\\index.php')
INFO - 2024-11-10 14:26:42 --> Session: Class initialized using 'CodeIgniter\Session\Handlers\FileHandler' driver.
INFO - 2024-11-10 14:30:34 --> Session: Class initialized using 'CodeIgniter\Session\Handlers\FileHandler' driver.
INFO - 2024-11-10 14:32:26 --> Session: Class initialized using 'CodeIgniter\Session\Handlers\FileHandler' driver.
INFO - 2024-11-10 14:32:46 --> Session: Class initialized using 'CodeIgniter\Session\Handlers\FileHandler' driver.
INFO - 2024-11-10 14:33:28 --> Session: Class initialized using 'CodeIgniter\Session\Handlers\FileHandler' driver.
INFO - 2024-11-10 14:33:53 --> Session: Class initialized using 'CodeIgniter\Session\Handlers\FileHandler' driver.
ERROR - 2024-11-10 14:33:53 --> mysqli_sql_exception: Table 'dbrental_mobil.tbl_user2200014' doesn't exist in D:\template\MBL\system\Database\MySQLi\Connection.php:312
Stack trace:
#0 D:\template\MBL\system\Database\MySQLi\Connection.php(312): mysqli->query('SELECT *\nFROM `...', 0)
#1 D:\template\MBL\system\Database\BaseConnection.php(734): CodeIgniter\Database\MySQLi\Connection->execute('SELECT *\nFROM `...')
#2 D:\template\MBL\system\Database\BaseConnection.php(648): CodeIgniter\Database\BaseConnection->simpleQuery('SELECT *\nFROM `...')
#3 D:\template\MBL\system\Database\BaseBuilder.php(1644): CodeIgniter\Database\BaseConnection->query('SELECT *\nFROM `...', Array, false)
#4 D:\template\MBL\app\Models\UserModel.php(14): CodeIgniter\Database\BaseBuilder->get()
#5 D:\template\MBL\app\Controllers\Login.php(17): App\Models\UserModel->cek_login('Nana')
#6 D:\template\MBL\system\CodeIgniter.php(933): App\Controllers\Login->ceklogin()
#7 D:\template\MBL\system\CodeIgniter.php(509): CodeIgniter\CodeIgniter->runController(Object(App\Controllers\Login))
#8 D:\template\MBL\system\CodeIgniter.php(355): CodeIgniter\CodeIgniter->handleRequest(NULL, Object(Config\Cache), false)
#9 D:\template\MBL\system\Boot.php(325): CodeIgniter\CodeIgniter->run()
#10 D:\template\MBL\system\Boot.php(67): CodeIgniter\Boot::runCodeIgniter(Object(CodeIgniter\CodeIgniter))
#11 D:\template\MBL\public\index.php(56): CodeIgniter\Boot::bootWeb(Object(Config\Paths))
#12 D:\template\MBL\system\rewrite.php(44): require_once('D:\\template\\MBL...')
#13 {main}
CRITICAL - 2024-11-10 14:33:53 --> CodeIgniter\Database\Exceptions\DatabaseException: Table 'dbrental_mobil.tbl_user2200014' doesn't exist
[Method: POST, Route: login/ceklogin]
in SYSTEMPATH\Database\BaseConnection.php on line 688.
 1 SYSTEMPATH\Database\BaseBuilder.php(1644): CodeIgniter\Database\BaseConnection->query('SELECT *
FROM `tbl_user2200014`
WHERE `nama_user` = :nama_user:', [...], false)
 2 APPPATH\Models\UserModel.php(14): CodeIgniter\Database\BaseBuilder->get()
 3 APPPATH\Controllers\Login.php(17): App\Models\UserModel->cek_login('Nana')
 4 SYSTEMPATH\CodeIgniter.php(933): App\Controllers\Login->ceklogin()
 5 SYSTEMPATH\CodeIgniter.php(509): CodeIgniter\CodeIgniter->runController(Object(App\Controllers\Login))
 6 SYSTEMPATH\CodeIgniter.php(355): CodeIgniter\CodeIgniter->handleRequest(null, Object(Config\Cache), false)
 7 SYSTEMPATH\Boot.php(325): CodeIgniter\CodeIgniter->run()
 8 SYSTEMPATH\Boot.php(67): CodeIgniter\Boot::runCodeIgniter(Object(CodeIgniter\CodeIgniter))
 9 FCPATH\index.php(56): CodeIgniter\Boot::bootWeb(Object(Config\Paths))
10 SYSTEMPATH\rewrite.php(44): require_once('D:\\template\\MBL\\public\\index.php')
CRITICAL - 2024-11-10 14:33:53 --> [Caused by] CodeIgniter\Database\Exceptions\DatabaseException: Table 'dbrental_mobil.tbl_user2200014' doesn't exist
in SYSTEMPATH\Database\MySQLi\Connection.php on line 317.
 1 SYSTEMPATH\Database\BaseConnection.php(734): CodeIgniter\Database\MySQLi\Connection->execute('SELECT *
FROM `tbl_user2200014`
WHERE `nama_user` = \'Nana\'')
 2 SYSTEMPATH\Database\BaseConnection.php(648): CodeIgniter\Database\BaseConnection->simpleQuery('SELECT *
FROM `tbl_user2200014`
WHERE `nama_user` = \'Nana\'')
 3 SYSTEMPATH\Database\BaseBuilder.php(1644): CodeIgniter\Database\BaseConnection->query('SELECT *
FROM `tbl_user2200014`
WHERE `nama_user` = :nama_user:', [...], false)
 4 APPPATH\Models\UserModel.php(14): CodeIgniter\Database\BaseBuilder->get()
 5 APPPATH\Controllers\Login.php(17): App\Models\UserModel->cek_login('Nana')
 6 SYSTEMPATH\CodeIgniter.php(933): App\Controllers\Login->ceklogin()
 7 SYSTEMPATH\CodeIgniter.php(509): CodeIgniter\CodeIgniter->runController(Object(App\Controllers\Login))
 8 SYSTEMPATH\CodeIgniter.php(355): CodeIgniter\CodeIgniter->handleRequest(null, Object(Config\Cache), false)
 9 SYSTEMPATH\Boot.php(325): CodeIgniter\CodeIgniter->run()
10 SYSTEMPATH\Boot.php(67): CodeIgniter\Boot::runCodeIgniter(Object(CodeIgniter\CodeIgniter))
11 FCPATH\index.php(56): CodeIgniter\Boot::bootWeb(Object(Config\Paths))
12 SYSTEMPATH\rewrite.php(44): require_once('D:\\template\\MBL\\public\\index.php')
CRITICAL - 2024-11-10 14:33:53 --> [Caused by] mysqli_sql_exception: Table 'dbrental_mobil.tbl_user2200014' doesn't exist
in SYSTEMPATH\Database\MySQLi\Connection.php on line 312.
 1 SYSTEMPATH\Database\MySQLi\Connection.php(312): mysqli->query('SELECT *
FROM `tbl_user2200014`
WHERE `nama_user` = \'Nana\'', 0)
 2 SYSTEMPATH\Database\BaseConnection.php(734): CodeIgniter\Database\MySQLi\Connection->execute('SELECT *
FROM `tbl_user2200014`
WHERE `nama_user` = \'Nana\'')
 3 SYSTEMPATH\Database\BaseConnection.php(648): CodeIgniter\Database\BaseConnection->simpleQuery('SELECT *
FROM `tbl_user2200014`
WHERE `nama_user` = \'Nana\'')
 4 SYSTEMPATH\Database\BaseBuilder.php(1644): CodeIgniter\Database\BaseConnection->query('SELECT *
FROM `tbl_user2200014`
WHERE `nama_user` = :nama_user:', [...], false)
 5 APPPATH\Models\UserModel.php(14): CodeIgniter\Database\BaseBuilder->get()
 6 APPPATH\Controllers\Login.php(17): App\Models\UserModel->cek_login('Nana')
 7 SYSTEMPATH\CodeIgniter.php(933): App\Controllers\Login->ceklogin()
 8 SYSTEMPATH\CodeIgniter.php(509): CodeIgniter\CodeIgniter->runController(Object(App\Controllers\Login))
 9 SYSTEMPATH\CodeIgniter.php(355): CodeIgniter\CodeIgniter->handleRequest(null, Object(Config\Cache), false)
10 SYSTEMPATH\Boot.php(325): CodeIgniter\CodeIgniter->run()
11 SYSTEMPATH\Boot.php(67): CodeIgniter\Boot::runCodeIgniter(Object(CodeIgniter\CodeIgniter))
12 FCPATH\index.php(56): CodeIgniter\Boot::bootWeb(Object(Config\Paths))
13 SYSTEMPATH\rewrite.php(44): require_once('D:\\template\\MBL\\public\\index.php')
INFO - 2024-11-10 14:42:53 --> Session: Class initialized using 'CodeIgniter\Session\Handlers\FileHandler' driver.
INFO - 2024-11-10 14:42:54 --> Session: Class initialized using 'CodeIgniter\Session\Handlers\FileHandler' driver.
INFO - 2024-11-10 14:43:02 --> Session: Class initialized using 'CodeIgniter\Session\Handlers\FileHandler' driver.
INFO - 2024-11-10 14:43:04 --> Session: Class initialized using 'CodeIgniter\Session\Handlers\FileHandler' driver.
INFO - 2024-11-10 14:43:07 --> Session: Class initialized using 'CodeIgniter\Session\Handlers\FileHandler' driver.
ERROR - 2024-11-10 14:43:09 --> mysqli_sql_exception: Table 'dbrental_mobil.tbl_user2200014' doesn't exist in D:\template\MBL\system\Database\MySQLi\Connection.php:312
Stack trace:
#0 D:\template\MBL\system\Database\MySQLi\Connection.php(312): mysqli->query('SELECT *\nFROM `...', 0)
#1 D:\template\MBL\system\Database\BaseConnection.php(734): CodeIgniter\Database\MySQLi\Connection->execute('SELECT *\nFROM `...')
#2 D:\template\MBL\system\Database\BaseConnection.php(648): CodeIgniter\Database\BaseConnection->simpleQuery('SELECT *\nFROM `...')
#3 D:\template\MBL\system\Database\BaseBuilder.php(1644): CodeIgniter\Database\BaseConnection->query('SELECT *\nFROM `...', Array, false)
#4 D:\template\MBL\app\Models\ModelUser.php(11): CodeIgniter\Database\BaseBuilder->get()
#5 D:\template\MBL\app\Controllers\User.php(11): App\Models\ModelUser->getUser()
#6 D:\template\MBL\system\CodeIgniter.php(933): App\Controllers\User->index()
#7 D:\template\MBL\system\CodeIgniter.php(509): CodeIgniter\CodeIgniter->runController(Object(App\Controllers\User))
#8 D:\template\MBL\system\CodeIgniter.php(355): CodeIgniter\CodeIgniter->handleRequest(NULL, Object(Config\Cache), false)
#9 D:\template\MBL\system\Boot.php(325): CodeIgniter\CodeIgniter->run()
#10 D:\template\MBL\system\Boot.php(67): CodeIgniter\Boot::runCodeIgniter(Object(CodeIgniter\CodeIgniter))
#11 D:\template\MBL\public\index.php(56): CodeIgniter\Boot::bootWeb(Object(Config\Paths))
#12 D:\template\MBL\system\rewrite.php(44): require_once('D:\\template\\MBL...')
#13 {main}
CRITICAL - 2024-11-10 14:43:09 --> CodeIgniter\Database\Exceptions\DatabaseException: Table 'dbrental_mobil.tbl_user2200014' doesn't exist
[Method: GET, Route: User/index]
in SYSTEMPATH\Database\BaseConnection.php on line 688.
 1 SYSTEMPATH\Database\BaseBuilder.php(1644): CodeIgniter\Database\BaseConnection->query('SELECT *
FROM `tbl_user2200014`', [], false)
 2 APPPATH\Models\ModelUser.php(11): CodeIgniter\Database\BaseBuilder->get()
 3 APPPATH\Controllers\User.php(11): App\Models\ModelUser->getUser()
 4 SYSTEMPATH\CodeIgniter.php(933): App\Controllers\User->index()
 5 SYSTEMPATH\CodeIgniter.php(509): CodeIgniter\CodeIgniter->runController(Object(App\Controllers\User))
 6 SYSTEMPATH\CodeIgniter.php(355): CodeIgniter\CodeIgniter->handleRequest(null, Object(Config\Cache), false)
 7 SYSTEMPATH\Boot.php(325): CodeIgniter\CodeIgniter->run()
 8 SYSTEMPATH\Boot.php(67): CodeIgniter\Boot::runCodeIgniter(Object(CodeIgniter\CodeIgniter))
 9 FCPATH\index.php(56): CodeIgniter\Boot::bootWeb(Object(Config\Paths))
10 SYSTEMPATH\rewrite.php(44): require_once('D:\\template\\MBL\\public\\index.php')
CRITICAL - 2024-11-10 14:43:09 --> [Caused by] CodeIgniter\Database\Exceptions\DatabaseException: Table 'dbrental_mobil.tbl_user2200014' doesn't exist
in SYSTEMPATH\Database\MySQLi\Connection.php on line 317.
 1 SYSTEMPATH\Database\BaseConnection.php(734): CodeIgniter\Database\MySQLi\Connection->execute('SELECT *
FROM `tbl_user2200014`')
 2 SYSTEMPATH\Database\BaseConnection.php(648): CodeIgniter\Database\BaseConnection->simpleQuery('SELECT *
FROM `tbl_user2200014`')
 3 SYSTEMPATH\Database\BaseBuilder.php(1644): CodeIgniter\Database\BaseConnection->query('SELECT *
FROM `tbl_user2200014`', [], false)
 4 APPPATH\Models\ModelUser.php(11): CodeIgniter\Database\BaseBuilder->get()
 5 APPPATH\Controllers\User.php(11): App\Models\ModelUser->getUser()
 6 SYSTEMPATH\CodeIgniter.php(933): App\Controllers\User->index()
 7 SYSTEMPATH\CodeIgniter.php(509): CodeIgniter\CodeIgniter->runController(Object(App\Controllers\User))
 8 SYSTEMPATH\CodeIgniter.php(355): CodeIgniter\CodeIgniter->handleRequest(null, Object(Config\Cache), false)
 9 SYSTEMPATH\Boot.php(325): CodeIgniter\CodeIgniter->run()
10 SYSTEMPATH\Boot.php(67): CodeIgniter\Boot::runCodeIgniter(Object(CodeIgniter\CodeIgniter))
11 FCPATH\index.php(56): CodeIgniter\Boot::bootWeb(Object(Config\Paths))
12 SYSTEMPATH\rewrite.php(44): require_once('D:\\template\\MBL\\public\\index.php')
CRITICAL - 2024-11-10 14:43:09 --> [Caused by] mysqli_sql_exception: Table 'dbrental_mobil.tbl_user2200014' doesn't exist
in SYSTEMPATH\Database\MySQLi\Connection.php on line 312.
 1 SYSTEMPATH\Database\MySQLi\Connection.php(312): mysqli->query('SELECT *
FROM `tbl_user2200014`', 0)
 2 SYSTEMPATH\Database\BaseConnection.php(734): CodeIgniter\Database\MySQLi\Connection->execute('SELECT *
FROM `tbl_user2200014`')
 3 SYSTEMPATH\Database\BaseConnection.php(648): CodeIgniter\Database\BaseConnection->simpleQuery('SELECT *
FROM `tbl_user2200014`')
 4 SYSTEMPATH\Database\BaseBuilder.php(1644): CodeIgniter\Database\BaseConnection->query('SELECT *
FROM `tbl_user2200014`', [], false)
 5 APPPATH\Models\ModelUser.php(11): CodeIgniter\Database\BaseBuilder->get()
 6 APPPATH\Controllers\User.php(11): App\Models\ModelUser->getUser()
 7 SYSTEMPATH\CodeIgniter.php(933): App\Controllers\User->index()
 8 SYSTEMPATH\CodeIgniter.php(509): CodeIgniter\CodeIgniter->runController(Object(App\Controllers\User))
 9 SYSTEMPATH\CodeIgniter.php(355): CodeIgniter\CodeIgniter->handleRequest(null, Object(Config\Cache), false)
10 SYSTEMPATH\Boot.php(325): CodeIgniter\CodeIgniter->run()
11 SYSTEMPATH\Boot.php(67): CodeIgniter\Boot::runCodeIgniter(Object(CodeIgniter\CodeIgniter))
12 FCPATH\index.php(56): CodeIgniter\Boot::bootWeb(Object(Config\Paths))
13 SYSTEMPATH\rewrite.php(44): require_once('D:\\template\\MBL\\public\\index.php')
INFO - 2024-11-10 14:44:18 --> Session: Class initialized using 'CodeIgniter\Session\Handlers\FileHandler' driver.
INFO - 2024-11-10 14:50:07 --> Session: Class initialized using 'CodeIgniter\Session\Handlers\FileHandler' driver.
INFO - 2024-11-10 14:50:09 --> Session: Class initialized using 'CodeIgniter\Session\Handlers\FileHandler' driver.
INFO - 2024-11-10 14:50:11 --> Session: Class initialized using 'CodeIgniter\Session\Handlers\FileHandler' driver.
INFO - 2024-11-10 14:50:12 --> Session: Class initialized using 'CodeIgniter\Session\Handlers\FileHandler' driver.
INFO - 2024-11-10 14:50:14 --> Session: Class initialized using 'CodeIgniter\Session\Handlers\FileHandler' driver.
INFO - 2024-11-10 14:51:41 --> Session: Class initialized using 'CodeIgniter\Session\Handlers\FileHandler' driver.
INFO - 2024-11-10 14:51:52 --> Session: Class initialized using 'CodeIgniter\Session\Handlers\FileHandler' driver.
INFO - 2024-11-10 14:52:07 --> Session: Class initialized using 'CodeIgniter\Session\Handlers\FileHandler' driver.
INFO - 2024-11-10 14:52:07 --> Session: Class initialized using 'CodeIgniter\Session\Handlers\FileHandler' driver.
INFO - 2024-11-10 14:52:13 --> Session: Class initialized using 'CodeIgniter\Session\Handlers\FileHandler' driver.
INFO - 2024-11-10 14:52:15 --> Session: Class initialized using 'CodeIgniter\Session\Handlers\FileHandler' driver.
INFO - 2024-11-10 15:00:34 --> Session: Class initialized using 'CodeIgniter\Session\Handlers\FileHandler' driver.
