INFO - 2024-11-12 06:49:00 --> Session: Class initialized using 'CodeIgniter\Session\Handlers\FileHandler' driver.
INFO - 2024-11-12 06:49:10 --> Session: Class initialized using 'CodeIgniter\Session\Handlers\FileHandler' driver.
INFO - 2024-11-12 06:49:11 --> Session: Class initialized using 'CodeIgniter\Session\Handlers\FileHandler' driver.
INFO - 2024-11-12 06:49:28 --> Session: Class initialized using 'CodeIgniter\Session\Handlers\FileHandler' driver.
INFO - 2024-11-12 06:49:32 --> Session: Class initialized using 'CodeIgniter\Session\Handlers\FileHandler' driver.
INFO - 2024-11-12 06:49:33 --> Session: Class initialized using 'CodeIgniter\Session\Handlers\FileHandler' driver.
INFO - 2024-11-12 06:49:46 --> Session: Class initialized using 'CodeIgniter\Session\Handlers\FileHandler' driver.
INFO - 2024-11-12 07:45:37 --> Session: Class initialized using 'CodeIgniter\Session\Handlers\FileHandler' driver.
INFO - 2024-11-12 07:45:44 --> Session: Class initialized using 'CodeIgniter\Session\Handlers\FileHandler' driver.
INFO - 2024-11-12 07:45:45 --> Session: Class initialized using 'CodeIgniter\Session\Handlers\FileHandler' driver.
INFO - 2024-11-12 07:45:51 --> Session: Class initialized using 'CodeIgniter\Session\Handlers\FileHandler' driver.
INFO - 2024-11-12 07:48:36 --> Session: Class initialized using 'CodeIgniter\Session\Handlers\FileHandler' driver.
INFO - 2024-11-12 07:51:48 --> Session: Class initialized using 'CodeIgniter\Session\Handlers\FileHandler' driver.
INFO - 2024-11-12 07:54:23 --> Session: Class initialized using 'CodeIgniter\Session\Handlers\FileHandler' driver.
INFO - 2024-11-12 07:54:30 --> Session: Class initialized using 'CodeIgniter\Session\Handlers\FileHandler' driver.
INFO - 2024-11-12 07:56:51 --> Session: Class initialized using 'CodeIgniter\Session\Handlers\FileHandler' driver.
INFO - 2024-11-12 07:57:50 --> Session: Class initialized using 'CodeIgniter\Session\Handlers\FileHandler' driver.
INFO - 2024-11-12 07:58:08 --> Session: Class initialized using 'CodeIgniter\Session\Handlers\FileHandler' driver.
INFO - 2024-11-12 07:59:21 --> Session: Class initialized using 'CodeIgniter\Session\Handlers\FileHandler' driver.
INFO - 2024-11-12 08:00:59 --> Session: Class initialized using 'CodeIgniter\Session\Handlers\FileHandler' driver.
INFO - 2024-11-12 08:02:11 --> Session: Class initialized using 'CodeIgniter\Session\Handlers\FileHandler' driver.
INFO - 2024-11-12 08:03:24 --> Session: Class initialized using 'CodeIgniter\Session\Handlers\FileHandler' driver.
INFO - 2024-11-12 08:03:59 --> Session: Class initialized using 'CodeIgniter\Session\Handlers\FileHandler' driver.
INFO - 2024-11-12 08:07:35 --> Session: Class initialized using 'CodeIgniter\Session\Handlers\FileHandler' driver.
INFO - 2024-11-12 08:08:49 --> Session: Class initialized using 'CodeIgniter\Session\Handlers\FileHandler' driver.
INFO - 2024-11-12 08:11:04 --> Session: Class initialized using 'CodeIgniter\Session\Handlers\FileHandler' driver.
INFO - 2024-11-12 08:11:13 --> Session: Class initialized using 'CodeIgniter\Session\Handlers\FileHandler' driver.
INFO - 2024-11-12 08:24:29 --> Session: Class initialized using 'CodeIgniter\Session\Handlers\FileHandler' driver.
INFO - 2024-11-12 08:24:36 --> Session: Class initialized using 'CodeIgniter\Session\Handlers\FileHandler' driver.
INFO - 2024-11-12 08:26:40 --> Session: Class initialized using 'CodeIgniter\Session\Handlers\FileHandler' driver.
ERROR - 2024-11-12 08:32:49 --> mysqli_sql_exception: Duplicate entry 'U-003' for key 'PRIMARY' in D:\template\MBL\system\Database\MySQLi\Connection.php:312
Stack trace:
#0 D:\template\MBL\system\Database\MySQLi\Connection.php(312): mysqli->query('INSERT INTO `us...', 0)
#1 D:\template\MBL\system\Database\BaseConnection.php(734): CodeIgniter\Database\MySQLi\Connection->execute('INSERT INTO `us...')
#2 D:\template\MBL\system\Database\BaseConnection.php(648): CodeIgniter\Database\BaseConnection->simpleQuery('INSERT INTO `us...')
#3 D:\template\MBL\system\Database\BaseBuilder.php(2340): CodeIgniter\Database\BaseConnection->query('INSERT INTO `us...', Array, false)
#4 D:\template\MBL\app\Models\ModelUser.php(16): CodeIgniter\Database\BaseBuilder->insert(Array)
#5 D:\template\MBL\app\Controllers\User.php(25): App\Models\ModelUser->insertData(Array)
#6 D:\template\MBL\system\CodeIgniter.php(933): App\Controllers\User->save()
#7 D:\template\MBL\system\CodeIgniter.php(509): CodeIgniter\CodeIgniter->runController(Object(App\Controllers\User))
#8 D:\template\MBL\system\CodeIgniter.php(355): CodeIgniter\CodeIgniter->handleRequest(NULL, Object(Config\Cache), false)
#9 D:\template\MBL\system\Boot.php(325): CodeIgniter\CodeIgniter->run()
#10 D:\template\MBL\system\Boot.php(67): CodeIgniter\Boot::runCodeIgniter(Object(CodeIgniter\CodeIgniter))
#11 D:\template\MBL\public\index.php(56): CodeIgniter\Boot::bootWeb(Object(Config\Paths))
#12 D:\template\MBL\system\rewrite.php(44): require_once('D:\\template\\MBL...')
#13 {main}
CRITICAL - 2024-11-12 08:32:49 --> CodeIgniter\Database\Exceptions\DatabaseException: Duplicate entry 'U-003' for key 'PRIMARY'
[Method: POST, Route: user/save]
in SYSTEMPATH\Database\BaseConnection.php on line 688.
 1 SYSTEMPATH\Database\BaseBuilder.php(2340): CodeIgniter\Database\BaseConnection->query('INSERT INTO `user` (`id_user`, `nama_user`, `email`, `password`, `level`) VALUES (:id_user:, :nama_user:, :email:, :password:, :level:)', [...], false)
 2 APPPATH\Models\ModelUser.php(16): CodeIgniter\Database\BaseBuilder->insert([...])
 3 APPPATH\Controllers\User.php(25): App\Models\ModelUser->insertData([...])
 4 SYSTEMPATH\CodeIgniter.php(933): App\Controllers\User->save()
 5 SYSTEMPATH\CodeIgniter.php(509): CodeIgniter\CodeIgniter->runController(Object(App\Controllers\User))
 6 SYSTEMPATH\CodeIgniter.php(355): CodeIgniter\CodeIgniter->handleRequest(null, Object(Config\Cache), false)
 7 SYSTEMPATH\Boot.php(325): CodeIgniter\CodeIgniter->run()
 8 SYSTEMPATH\Boot.php(67): CodeIgniter\Boot::runCodeIgniter(Object(CodeIgniter\CodeIgniter))
 9 FCPATH\index.php(56): CodeIgniter\Boot::bootWeb(Object(Config\Paths))
10 SYSTEMPATH\rewrite.php(44): require_once('D:\\template\\MBL\\public\\index.php')
CRITICAL - 2024-11-12 08:32:49 --> [Caused by] CodeIgniter\Database\Exceptions\DatabaseException: Duplicate entry 'U-003' for key 'PRIMARY'
in SYSTEMPATH\Database\MySQLi\Connection.php on line 317.
 1 SYSTEMPATH\Database\BaseConnection.php(734): CodeIgniter\Database\MySQLi\Connection->execute('INSERT INTO `user` (`id_user`, `nama_user`, `email`, `password`, `level`) VALUES (\'U-003\', \'Alahan\', \'Anur@gmail.com\', \'$2y$10$sJJ3pkRC2TPj0xRPBQiKauCdVXD8ibiEC2LpqmAD5bnneYNOz8JV.\', \'3\')')
 2 SYSTEMPATH\Database\BaseConnection.php(648): CodeIgniter\Database\BaseConnection->simpleQuery('INSERT INTO `user` (`id_user`, `nama_user`, `email`, `password`, `level`) VALUES (\'U-003\', \'Alahan\', \'Anur@gmail.com\', \'$2y$10$sJJ3pkRC2TPj0xRPBQiKauCdVXD8ibiEC2LpqmAD5bnneYNOz8JV.\', \'3\')')
 3 SYSTEMPATH\Database\BaseBuilder.php(2340): CodeIgniter\Database\BaseConnection->query('INSERT INTO `user` (`id_user`, `nama_user`, `email`, `password`, `level`) VALUES (:id_user:, :nama_user:, :email:, :password:, :level:)', [...], false)
 4 APPPATH\Models\ModelUser.php(16): CodeIgniter\Database\BaseBuilder->insert([...])
 5 APPPATH\Controllers\User.php(25): App\Models\ModelUser->insertData([...])
 6 SYSTEMPATH\CodeIgniter.php(933): App\Controllers\User->save()
 7 SYSTEMPATH\CodeIgniter.php(509): CodeIgniter\CodeIgniter->runController(Object(App\Controllers\User))
 8 SYSTEMPATH\CodeIgniter.php(355): CodeIgniter\CodeIgniter->handleRequest(null, Object(Config\Cache), false)
 9 SYSTEMPATH\Boot.php(325): CodeIgniter\CodeIgniter->run()
10 SYSTEMPATH\Boot.php(67): CodeIgniter\Boot::runCodeIgniter(Object(CodeIgniter\CodeIgniter))
11 FCPATH\index.php(56): CodeIgniter\Boot::bootWeb(Object(Config\Paths))
12 SYSTEMPATH\rewrite.php(44): require_once('D:\\template\\MBL\\public\\index.php')
CRITICAL - 2024-11-12 08:32:49 --> [Caused by] mysqli_sql_exception: Duplicate entry 'U-003' for key 'PRIMARY'
in SYSTEMPATH\Database\MySQLi\Connection.php on line 312.
 1 SYSTEMPATH\Database\MySQLi\Connection.php(312): mysqli->query('INSERT INTO `user` (`id_user`, `nama_user`, `email`, `password`, `level`) VALUES (\'U-003\', \'Alahan\', \'Anur@gmail.com\', \'$2y$10$sJJ3pkRC2TPj0xRPBQiKauCdVXD8ibiEC2LpqmAD5bnneYNOz8JV.\', \'3\')', 0)
 2 SYSTEMPATH\Database\BaseConnection.php(734): CodeIgniter\Database\MySQLi\Connection->execute('INSERT INTO `user` (`id_user`, `nama_user`, `email`, `password`, `level`) VALUES (\'U-003\', \'Alahan\', \'Anur@gmail.com\', \'$2y$10$sJJ3pkRC2TPj0xRPBQiKauCdVXD8ibiEC2LpqmAD5bnneYNOz8JV.\', \'3\')')
 3 SYSTEMPATH\Database\BaseConnection.php(648): CodeIgniter\Database\BaseConnection->simpleQuery('INSERT INTO `user` (`id_user`, `nama_user`, `email`, `password`, `level`) VALUES (\'U-003\', \'Alahan\', \'Anur@gmail.com\', \'$2y$10$sJJ3pkRC2TPj0xRPBQiKauCdVXD8ibiEC2LpqmAD5bnneYNOz8JV.\', \'3\')')
 4 SYSTEMPATH\Database\BaseBuilder.php(2340): CodeIgniter\Database\BaseConnection->query('INSERT INTO `user` (`id_user`, `nama_user`, `email`, `password`, `level`) VALUES (:id_user:, :nama_user:, :email:, :password:, :level:)', [...], false)
 5 APPPATH\Models\ModelUser.php(16): CodeIgniter\Database\BaseBuilder->insert([...])
 6 APPPATH\Controllers\User.php(25): App\Models\ModelUser->insertData([...])
 7 SYSTEMPATH\CodeIgniter.php(933): App\Controllers\User->save()
 8 SYSTEMPATH\CodeIgniter.php(509): CodeIgniter\CodeIgniter->runController(Object(App\Controllers\User))
 9 SYSTEMPATH\CodeIgniter.php(355): CodeIgniter\CodeIgniter->handleRequest(null, Object(Config\Cache), false)
10 SYSTEMPATH\Boot.php(325): CodeIgniter\CodeIgniter->run()
11 SYSTEMPATH\Boot.php(67): CodeIgniter\Boot::runCodeIgniter(Object(CodeIgniter\CodeIgniter))
12 FCPATH\index.php(56): CodeIgniter\Boot::bootWeb(Object(Config\Paths))
13 SYSTEMPATH\rewrite.php(44): require_once('D:\\template\\MBL\\public\\index.php')
INFO - 2024-11-12 08:32:54 --> Session: Class initialized using 'CodeIgniter\Session\Handlers\FileHandler' driver.
INFO - 2024-11-12 08:33:03 --> Session: Class initialized using 'CodeIgniter\Session\Handlers\FileHandler' driver.
INFO - 2024-11-12 08:33:28 --> Session: Class initialized using 'CodeIgniter\Session\Handlers\FileHandler' driver.
