INFO - 2024-12-22 05:39:36 --> Session: Class initialized using 'CodeIgniter\Session\Handlers\FileHandler' driver.
INFO - 2024-12-22 05:39:45 --> Session: Class initialized using 'CodeIgniter\Session\Handlers\FileHandler' driver.
INFO - 2024-12-22 05:39:46 --> Session: Class initialized using 'CodeIgniter\Session\Handlers\FileHandler' driver.
INFO - 2024-12-22 05:39:51 --> Session: Class initialized using 'CodeIgniter\Session\Handlers\FileHandler' driver.
INFO - 2024-12-22 05:40:05 --> Session: Class initialized using 'CodeIgniter\Session\Handlers\FileHandler' driver.
INFO - 2024-12-22 05:43:02 --> Session: Class initialized using 'CodeIgniter\Session\Handlers\FileHandler' driver.
INFO - 2024-12-22 05:45:53 --> Session: Class initialized using 'CodeIgniter\Session\Handlers\FileHandler' driver.
INFO - 2024-12-22 05:46:04 --> Session: Class initialized using 'CodeIgniter\Session\Handlers\FileHandler' driver.
INFO - 2024-12-22 05:46:11 --> Session: Class initialized using 'CodeIgniter\Session\Handlers\FileHandler' driver.
INFO - 2024-12-22 05:48:07 --> Session: Class initialized using 'CodeIgniter\Session\Handlers\FileHandler' driver.
INFO - 2024-12-22 05:49:01 --> Session: Class initialized using 'CodeIgniter\Session\Handlers\FileHandler' driver.
INFO - 2024-12-22 05:49:12 --> Session: Class initialized using 'CodeIgniter\Session\Handlers\FileHandler' driver.
INFO - 2024-12-22 05:49:35 --> Session: Class initialized using 'CodeIgniter\Session\Handlers\FileHandler' driver.
INFO - 2024-12-22 05:49:35 --> Session: Class initialized using 'CodeIgniter\Session\Handlers\FileHandler' driver.
CRITICAL - 2024-12-22 05:49:35 --> ErrorException: Undefined variable $data_pel
[Method: GET, Route: layout]
in APPPATH\Views\layout\modal.php on line 688.
 1 APPPATH\Views\layout\modal.php(688): CodeIgniter\Debug\Exceptions->errorHandler(2, 'Undefined variable $data_pel', 'D:\\template\\MBL\\app\\Views\\layout\\modal.php', 688)
 2 APPPATH\Views\layout\main.php(35): include('D:\\template\\MBL\\app\\Views\\layout\\modal.php')
 3 SYSTEMPATH\View\View.php(234): include('D:\\template\\MBL\\app\\Views\\layout\\main.php')
 4 SYSTEMPATH\View\View.php(237): CodeIgniter\View\View->CodeIgniter\View\{closure}()
 5 SYSTEMPATH\View\View.php(250): CodeIgniter\View\View->render('layout/main', [], true)
 6 SYSTEMPATH\View\View.php(250): CodeIgniter\View\View->render('layout/menu', [], true)
 7 SYSTEMPATH\Common.php(1171): CodeIgniter\View\View->render('layout/beranda', [], true)
 8 APPPATH\Controllers\Layout.php(8): view('layout/beranda')
 9 SYSTEMPATH\CodeIgniter.php(933): App\Controllers\Layout->index()
10 SYSTEMPATH\CodeIgniter.php(509): CodeIgniter\CodeIgniter->runController(Object(App\Controllers\Layout))
11 SYSTEMPATH\CodeIgniter.php(355): CodeIgniter\CodeIgniter->handleRequest(null, Object(Config\Cache), false)
12 SYSTEMPATH\Boot.php(325): CodeIgniter\CodeIgniter->run()
13 SYSTEMPATH\Boot.php(67): CodeIgniter\Boot::runCodeIgniter(Object(CodeIgniter\CodeIgniter))
14 FCPATH\index.php(56): CodeIgniter\Boot::bootWeb(Object(Config\Paths))
15 SYSTEMPATH\rewrite.php(44): require_once('D:\\template\\MBL\\public\\index.php')
INFO - 2024-12-22 05:50:48 --> Session: Class initialized using 'CodeIgniter\Session\Handlers\FileHandler' driver.
INFO - 2024-12-22 05:50:56 --> Session: Class initialized using 'CodeIgniter\Session\Handlers\FileHandler' driver.
INFO - 2024-12-22 05:52:57 --> Session: Class initialized using 'CodeIgniter\Session\Handlers\FileHandler' driver.
CRITICAL - 2024-12-22 05:52:57 --> ErrorException: Undefined variable $data_pel
[Method: GET, Route: layout]
in APPPATH\Views\layout\modal.php on line 689.
 1 APPPATH\Views\layout\modal.php(689): CodeIgniter\Debug\Exceptions->errorHandler(2, 'Undefined variable $data_pel', 'D:\\template\\MBL\\app\\Views\\layout\\modal.php', 689)
 2 APPPATH\Views\layout\main.php(35): include('D:\\template\\MBL\\app\\Views\\layout\\modal.php')
 3 SYSTEMPATH\View\View.php(234): include('D:\\template\\MBL\\app\\Views\\layout\\main.php')
 4 SYSTEMPATH\View\View.php(237): CodeIgniter\View\View->CodeIgniter\View\{closure}()
 5 SYSTEMPATH\View\View.php(250): CodeIgniter\View\View->render('layout/main', [], true)
 6 SYSTEMPATH\View\View.php(250): CodeIgniter\View\View->render('layout/menu', [], true)
 7 SYSTEMPATH\Common.php(1171): CodeIgniter\View\View->render('layout/beranda', [], true)
 8 APPPATH\Controllers\Layout.php(8): view('layout/beranda')
 9 SYSTEMPATH\CodeIgniter.php(933): App\Controllers\Layout->index()
10 SYSTEMPATH\CodeIgniter.php(509): CodeIgniter\CodeIgniter->runController(Object(App\Controllers\Layout))
11 SYSTEMPATH\CodeIgniter.php(355): CodeIgniter\CodeIgniter->handleRequest(null, Object(Config\Cache), false)
12 SYSTEMPATH\Boot.php(325): CodeIgniter\CodeIgniter->run()
13 SYSTEMPATH\Boot.php(67): CodeIgniter\Boot::runCodeIgniter(Object(CodeIgniter\CodeIgniter))
14 FCPATH\index.php(56): CodeIgniter\Boot::bootWeb(Object(Config\Paths))
15 SYSTEMPATH\rewrite.php(44): require_once('D:\\template\\MBL\\public\\index.php')
INFO - 2024-12-22 05:55:42 --> Session: Class initialized using 'CodeIgniter\Session\Handlers\FileHandler' driver.
INFO - 2024-12-22 06:57:43 --> Session: Class initialized using 'CodeIgniter\Session\Handlers\FileHandler' driver.
INFO - 2024-12-22 06:57:53 --> Session: Class initialized using 'CodeIgniter\Session\Handlers\FileHandler' driver.
INFO - 2024-12-22 06:57:54 --> Session: Class initialized using 'CodeIgniter\Session\Handlers\FileHandler' driver.
INFO - 2024-12-22 06:57:58 --> Session: Class initialized using 'CodeIgniter\Session\Handlers\FileHandler' driver.
INFO - 2024-12-22 06:59:21 --> Session: Class initialized using 'CodeIgniter\Session\Handlers\FileHandler' driver.
INFO - 2024-12-22 07:00:41 --> Session: Class initialized using 'CodeIgniter\Session\Handlers\FileHandler' driver.
INFO - 2024-12-22 07:03:09 --> Session: Class initialized using 'CodeIgniter\Session\Handlers\FileHandler' driver.
INFO - 2024-12-22 07:06:31 --> Session: Class initialized using 'CodeIgniter\Session\Handlers\FileHandler' driver.
INFO - 2024-12-22 07:06:35 --> Session: Class initialized using 'CodeIgniter\Session\Handlers\FileHandler' driver.
INFO - 2024-12-22 07:06:39 --> Session: Class initialized using 'CodeIgniter\Session\Handlers\FileHandler' driver.
INFO - 2024-12-22 07:06:41 --> Session: Class initialized using 'CodeIgniter\Session\Handlers\FileHandler' driver.
INFO - 2024-12-22 07:06:57 --> Session: Class initialized using 'CodeIgniter\Session\Handlers\FileHandler' driver.
INFO - 2024-12-22 07:07:28 --> Session: Class initialized using 'CodeIgniter\Session\Handlers\FileHandler' driver.
INFO - 2024-12-22 07:08:55 --> Session: Class initialized using 'CodeIgniter\Session\Handlers\FileHandler' driver.
INFO - 2024-12-22 07:10:00 --> Session: Class initialized using 'CodeIgniter\Session\Handlers\FileHandler' driver.
INFO - 2024-12-22 07:10:10 --> Session: Class initialized using 'CodeIgniter\Session\Handlers\FileHandler' driver.
INFO - 2024-12-22 07:10:44 --> Session: Class initialized using 'CodeIgniter\Session\Handlers\FileHandler' driver.
INFO - 2024-12-22 07:11:04 --> Session: Class initialized using 'CodeIgniter\Session\Handlers\FileHandler' driver.
INFO - 2024-12-22 07:14:02 --> Session: Class initialized using 'CodeIgniter\Session\Handlers\FileHandler' driver.
INFO - 2024-12-22 07:17:11 --> Session: Class initialized using 'CodeIgniter\Session\Handlers\FileHandler' driver.
INFO - 2024-12-22 07:17:51 --> Session: Class initialized using 'CodeIgniter\Session\Handlers\FileHandler' driver.
INFO - 2024-12-22 07:19:29 --> Session: Class initialized using 'CodeIgniter\Session\Handlers\FileHandler' driver.
INFO - 2024-12-22 07:21:41 --> Session: Class initialized using 'CodeIgniter\Session\Handlers\FileHandler' driver.
INFO - 2024-12-22 07:24:50 --> Session: Class initialized using 'CodeIgniter\Session\Handlers\FileHandler' driver.
INFO - 2024-12-22 07:26:50 --> Session: Class initialized using 'CodeIgniter\Session\Handlers\FileHandler' driver.
INFO - 2024-12-22 07:27:49 --> Session: Class initialized using 'CodeIgniter\Session\Handlers\FileHandler' driver.
INFO - 2024-12-22 07:28:32 --> Session: Class initialized using 'CodeIgniter\Session\Handlers\FileHandler' driver.
INFO - 2024-12-22 07:30:27 --> Session: Class initialized using 'CodeIgniter\Session\Handlers\FileHandler' driver.
INFO - 2024-12-22 07:30:50 --> Session: Class initialized using 'CodeIgniter\Session\Handlers\FileHandler' driver.
INFO - 2024-12-22 07:31:57 --> Session: Class initialized using 'CodeIgniter\Session\Handlers\FileHandler' driver.
INFO - 2024-12-22 07:35:40 --> Session: Class initialized using 'CodeIgniter\Session\Handlers\FileHandler' driver.
INFO - 2024-12-22 07:40:56 --> Session: Class initialized using 'CodeIgniter\Session\Handlers\FileHandler' driver.
ERROR - 2024-12-22 07:42:31 --> mysqli_sql_exception: Unknown column 'nama' in 'field list' in D:\template\MBL\system\Database\MySQLi\Connection.php:312
Stack trace:
#0 D:\template\MBL\system\Database\MySQLi\Connection.php(312): mysqli->query('INSERT INTO `pe...', 0)
#1 D:\template\MBL\system\Database\BaseConnection.php(734): CodeIgniter\Database\MySQLi\Connection->execute('INSERT INTO `pe...')
#2 D:\template\MBL\system\Database\BaseConnection.php(648): CodeIgniter\Database\BaseConnection->simpleQuery('INSERT INTO `pe...')
#3 D:\template\MBL\system\Database\BaseBuilder.php(2340): CodeIgniter\Database\BaseConnection->query('INSERT INTO `pe...', Array, false)
#4 D:\template\MBL\app\Models\ModelPeminjam.php(34): CodeIgniter\Database\BaseBuilder->insert(Array)
#5 D:\template\MBL\app\Controllers\Peminjam.php(38): App\Models\ModelPeminjam->insertData(Array)
#6 D:\template\MBL\system\CodeIgniter.php(933): App\Controllers\Peminjam->save()
#7 D:\template\MBL\system\CodeIgniter.php(509): CodeIgniter\CodeIgniter->runController(Object(App\Controllers\Peminjam))
#8 D:\template\MBL\system\CodeIgniter.php(355): CodeIgniter\CodeIgniter->handleRequest(NULL, Object(Config\Cache), false)
#9 D:\template\MBL\system\Boot.php(325): CodeIgniter\CodeIgniter->run()
#10 D:\template\MBL\system\Boot.php(67): CodeIgniter\Boot::runCodeIgniter(Object(CodeIgniter\CodeIgniter))
#11 D:\template\MBL\public\index.php(56): CodeIgniter\Boot::bootWeb(Object(Config\Paths))
#12 D:\template\MBL\system\rewrite.php(44): require_once('D:\\template\\MBL...')
#13 {main}
CRITICAL - 2024-12-22 07:42:31 --> CodeIgniter\Database\Exceptions\DatabaseException: Unknown column 'nama' in 'field list'
[Method: POST, Route: Peminjam/save]
in SYSTEMPATH\Database\BaseConnection.php on line 688.
 1 SYSTEMPATH\Database\BaseBuilder.php(2340): CodeIgniter\Database\BaseConnection->query('INSERT INTO `peminjaman` (`tanggal`, `idpel`, `nama`, `idmobil`, `noplat`, `hrgsewa`, `lama`, `total`) VALUES (:tanggal:, :idpel:, :nama:, :idmobil:, :noplat:, :hrgsewa:, :lama:, :total:)', [...], false)
 2 APPPATH\Models\ModelPeminjam.php(34): CodeIgniter\Database\BaseBuilder->insert([...])
 3 APPPATH\Controllers\Peminjam.php(38): App\Models\ModelPeminjam->insertData([...])
 4 SYSTEMPATH\CodeIgniter.php(933): App\Controllers\Peminjam->save()
 5 SYSTEMPATH\CodeIgniter.php(509): CodeIgniter\CodeIgniter->runController(Object(App\Controllers\Peminjam))
 6 SYSTEMPATH\CodeIgniter.php(355): CodeIgniter\CodeIgniter->handleRequest(null, Object(Config\Cache), false)
 7 SYSTEMPATH\Boot.php(325): CodeIgniter\CodeIgniter->run()
 8 SYSTEMPATH\Boot.php(67): CodeIgniter\Boot::runCodeIgniter(Object(CodeIgniter\CodeIgniter))
 9 FCPATH\index.php(56): CodeIgniter\Boot::bootWeb(Object(Config\Paths))
10 SYSTEMPATH\rewrite.php(44): require_once('D:\\template\\MBL\\public\\index.php')
CRITICAL - 2024-12-22 07:42:31 --> [Caused by] CodeIgniter\Database\Exceptions\DatabaseException: Unknown column 'nama' in 'field list'
in SYSTEMPATH\Database\MySQLi\Connection.php on line 317.
 1 SYSTEMPATH\Database\BaseConnection.php(734): CodeIgniter\Database\MySQLi\Connection->execute('INSERT INTO `peminjaman` (`tanggal`, `idpel`, `nama`, `idmobil`, `noplat`, `hrgsewa`, `lama`, `total`) VALUES (\'2024-12-16\', \'\', NULL, \'M-0001\', NULL, NULL, \'2\', \'4000000\')')
 2 SYSTEMPATH\Database\BaseConnection.php(648): CodeIgniter\Database\BaseConnection->simpleQuery('INSERT INTO `peminjaman` (`tanggal`, `idpel`, `nama`, `idmobil`, `noplat`, `hrgsewa`, `lama`, `total`) VALUES (\'2024-12-16\', \'\', NULL, \'M-0001\', NULL, NULL, \'2\', \'4000000\')')
 3 SYSTEMPATH\Database\BaseBuilder.php(2340): CodeIgniter\Database\BaseConnection->query('INSERT INTO `peminjaman` (`tanggal`, `idpel`, `nama`, `idmobil`, `noplat`, `hrgsewa`, `lama`, `total`) VALUES (:tanggal:, :idpel:, :nama:, :idmobil:, :noplat:, :hrgsewa:, :lama:, :total:)', [...], false)
 4 APPPATH\Models\ModelPeminjam.php(34): CodeIgniter\Database\BaseBuilder->insert([...])
 5 APPPATH\Controllers\Peminjam.php(38): App\Models\ModelPeminjam->insertData([...])
 6 SYSTEMPATH\CodeIgniter.php(933): App\Controllers\Peminjam->save()
 7 SYSTEMPATH\CodeIgniter.php(509): CodeIgniter\CodeIgniter->runController(Object(App\Controllers\Peminjam))
 8 SYSTEMPATH\CodeIgniter.php(355): CodeIgniter\CodeIgniter->handleRequest(null, Object(Config\Cache), false)
 9 SYSTEMPATH\Boot.php(325): CodeIgniter\CodeIgniter->run()
10 SYSTEMPATH\Boot.php(67): CodeIgniter\Boot::runCodeIgniter(Object(CodeIgniter\CodeIgniter))
11 FCPATH\index.php(56): CodeIgniter\Boot::bootWeb(Object(Config\Paths))
12 SYSTEMPATH\rewrite.php(44): require_once('D:\\template\\MBL\\public\\index.php')
CRITICAL - 2024-12-22 07:42:31 --> [Caused by] mysqli_sql_exception: Unknown column 'nama' in 'field list'
in SYSTEMPATH\Database\MySQLi\Connection.php on line 312.
 1 SYSTEMPATH\Database\MySQLi\Connection.php(312): mysqli->query('INSERT INTO `peminjaman` (`tanggal`, `idpel`, `nama`, `idmobil`, `noplat`, `hrgsewa`, `lama`, `total`) VALUES (\'2024-12-16\', \'\', NULL, \'M-0001\', NULL, NULL, \'2\', \'4000000\')', 0)
 2 SYSTEMPATH\Database\BaseConnection.php(734): CodeIgniter\Database\MySQLi\Connection->execute('INSERT INTO `peminjaman` (`tanggal`, `idpel`, `nama`, `idmobil`, `noplat`, `hrgsewa`, `lama`, `total`) VALUES (\'2024-12-16\', \'\', NULL, \'M-0001\', NULL, NULL, \'2\', \'4000000\')')
 3 SYSTEMPATH\Database\BaseConnection.php(648): CodeIgniter\Database\BaseConnection->simpleQuery('INSERT INTO `peminjaman` (`tanggal`, `idpel`, `nama`, `idmobil`, `noplat`, `hrgsewa`, `lama`, `total`) VALUES (\'2024-12-16\', \'\', NULL, \'M-0001\', NULL, NULL, \'2\', \'4000000\')')
 4 SYSTEMPATH\Database\BaseBuilder.php(2340): CodeIgniter\Database\BaseConnection->query('INSERT INTO `peminjaman` (`tanggal`, `idpel`, `nama`, `idmobil`, `noplat`, `hrgsewa`, `lama`, `total`) VALUES (:tanggal:, :idpel:, :nama:, :idmobil:, :noplat:, :hrgsewa:, :lama:, :total:)', [...], false)
 5 APPPATH\Models\ModelPeminjam.php(34): CodeIgniter\Database\BaseBuilder->insert([...])
 6 APPPATH\Controllers\Peminjam.php(38): App\Models\ModelPeminjam->insertData([...])
 7 SYSTEMPATH\CodeIgniter.php(933): App\Controllers\Peminjam->save()
 8 SYSTEMPATH\CodeIgniter.php(509): CodeIgniter\CodeIgniter->runController(Object(App\Controllers\Peminjam))
 9 SYSTEMPATH\CodeIgniter.php(355): CodeIgniter\CodeIgniter->handleRequest(null, Object(Config\Cache), false)
10 SYSTEMPATH\Boot.php(325): CodeIgniter\CodeIgniter->run()
11 SYSTEMPATH\Boot.php(67): CodeIgniter\Boot::runCodeIgniter(Object(CodeIgniter\CodeIgniter))
12 FCPATH\index.php(56): CodeIgniter\Boot::bootWeb(Object(Config\Paths))
13 SYSTEMPATH\rewrite.php(44): require_once('D:\\template\\MBL\\public\\index.php')
INFO - 2024-12-22 07:42:35 --> Session: Class initialized using 'CodeIgniter\Session\Handlers\FileHandler' driver.
ERROR - 2024-12-22 07:42:56 --> mysqli_sql_exception: Unknown column 'nama' in 'field list' in D:\template\MBL\system\Database\MySQLi\Connection.php:312
Stack trace:
#0 D:\template\MBL\system\Database\MySQLi\Connection.php(312): mysqli->query('INSERT INTO `pe...', 0)
#1 D:\template\MBL\system\Database\BaseConnection.php(734): CodeIgniter\Database\MySQLi\Connection->execute('INSERT INTO `pe...')
#2 D:\template\MBL\system\Database\BaseConnection.php(648): CodeIgniter\Database\BaseConnection->simpleQuery('INSERT INTO `pe...')
#3 D:\template\MBL\system\Database\BaseBuilder.php(2340): CodeIgniter\Database\BaseConnection->query('INSERT INTO `pe...', Array, false)
#4 D:\template\MBL\app\Models\ModelPeminjam.php(34): CodeIgniter\Database\BaseBuilder->insert(Array)
#5 D:\template\MBL\app\Controllers\Peminjam.php(38): App\Models\ModelPeminjam->insertData(Array)
#6 D:\template\MBL\system\CodeIgniter.php(933): App\Controllers\Peminjam->save()
#7 D:\template\MBL\system\CodeIgniter.php(509): CodeIgniter\CodeIgniter->runController(Object(App\Controllers\Peminjam))
#8 D:\template\MBL\system\CodeIgniter.php(355): CodeIgniter\CodeIgniter->handleRequest(NULL, Object(Config\Cache), false)
#9 D:\template\MBL\system\Boot.php(325): CodeIgniter\CodeIgniter->run()
#10 D:\template\MBL\system\Boot.php(67): CodeIgniter\Boot::runCodeIgniter(Object(CodeIgniter\CodeIgniter))
#11 D:\template\MBL\public\index.php(56): CodeIgniter\Boot::bootWeb(Object(Config\Paths))
#12 D:\template\MBL\system\rewrite.php(44): require_once('D:\\template\\MBL...')
#13 {main}
CRITICAL - 2024-12-22 07:42:56 --> CodeIgniter\Database\Exceptions\DatabaseException: Unknown column 'nama' in 'field list'
[Method: POST, Route: Peminjam/save]
in SYSTEMPATH\Database\BaseConnection.php on line 688.
 1 SYSTEMPATH\Database\BaseBuilder.php(2340): CodeIgniter\Database\BaseConnection->query('INSERT INTO `peminjaman` (`tanggal`, `idpel`, `nama`, `idmobil`, `noplat`, `hrgsewa`, `lama`, `total`) VALUES (:tanggal:, :idpel:, :nama:, :idmobil:, :noplat:, :hrgsewa:, :lama:, :total:)', [...], false)
 2 APPPATH\Models\ModelPeminjam.php(34): CodeIgniter\Database\BaseBuilder->insert([...])
 3 APPPATH\Controllers\Peminjam.php(38): App\Models\ModelPeminjam->insertData([...])
 4 SYSTEMPATH\CodeIgniter.php(933): App\Controllers\Peminjam->save()
 5 SYSTEMPATH\CodeIgniter.php(509): CodeIgniter\CodeIgniter->runController(Object(App\Controllers\Peminjam))
 6 SYSTEMPATH\CodeIgniter.php(355): CodeIgniter\CodeIgniter->handleRequest(null, Object(Config\Cache), false)
 7 SYSTEMPATH\Boot.php(325): CodeIgniter\CodeIgniter->run()
 8 SYSTEMPATH\Boot.php(67): CodeIgniter\Boot::runCodeIgniter(Object(CodeIgniter\CodeIgniter))
 9 FCPATH\index.php(56): CodeIgniter\Boot::bootWeb(Object(Config\Paths))
10 SYSTEMPATH\rewrite.php(44): require_once('D:\\template\\MBL\\public\\index.php')
CRITICAL - 2024-12-22 07:42:56 --> [Caused by] CodeIgniter\Database\Exceptions\DatabaseException: Unknown column 'nama' in 'field list'
in SYSTEMPATH\Database\MySQLi\Connection.php on line 317.
 1 SYSTEMPATH\Database\BaseConnection.php(734): CodeIgniter\Database\MySQLi\Connection->execute('INSERT INTO `peminjaman` (`tanggal`, `idpel`, `nama`, `idmobil`, `noplat`, `hrgsewa`, `lama`, `total`) VALUES (\'2024-12-16\', \'P-001\', NULL, \'M-003\', NULL, NULL, \'2\', \'5000000\')')
 2 SYSTEMPATH\Database\BaseConnection.php(648): CodeIgniter\Database\BaseConnection->simpleQuery('INSERT INTO `peminjaman` (`tanggal`, `idpel`, `nama`, `idmobil`, `noplat`, `hrgsewa`, `lama`, `total`) VALUES (\'2024-12-16\', \'P-001\', NULL, \'M-003\', NULL, NULL, \'2\', \'5000000\')')
 3 SYSTEMPATH\Database\BaseBuilder.php(2340): CodeIgniter\Database\BaseConnection->query('INSERT INTO `peminjaman` (`tanggal`, `idpel`, `nama`, `idmobil`, `noplat`, `hrgsewa`, `lama`, `total`) VALUES (:tanggal:, :idpel:, :nama:, :idmobil:, :noplat:, :hrgsewa:, :lama:, :total:)', [...], false)
 4 APPPATH\Models\ModelPeminjam.php(34): CodeIgniter\Database\BaseBuilder->insert([...])
 5 APPPATH\Controllers\Peminjam.php(38): App\Models\ModelPeminjam->insertData([...])
 6 SYSTEMPATH\CodeIgniter.php(933): App\Controllers\Peminjam->save()
 7 SYSTEMPATH\CodeIgniter.php(509): CodeIgniter\CodeIgniter->runController(Object(App\Controllers\Peminjam))
 8 SYSTEMPATH\CodeIgniter.php(355): CodeIgniter\CodeIgniter->handleRequest(null, Object(Config\Cache), false)
 9 SYSTEMPATH\Boot.php(325): CodeIgniter\CodeIgniter->run()
10 SYSTEMPATH\Boot.php(67): CodeIgniter\Boot::runCodeIgniter(Object(CodeIgniter\CodeIgniter))
11 FCPATH\index.php(56): CodeIgniter\Boot::bootWeb(Object(Config\Paths))
12 SYSTEMPATH\rewrite.php(44): require_once('D:\\template\\MBL\\public\\index.php')
CRITICAL - 2024-12-22 07:42:56 --> [Caused by] mysqli_sql_exception: Unknown column 'nama' in 'field list'
in SYSTEMPATH\Database\MySQLi\Connection.php on line 312.
 1 SYSTEMPATH\Database\MySQLi\Connection.php(312): mysqli->query('INSERT INTO `peminjaman` (`tanggal`, `idpel`, `nama`, `idmobil`, `noplat`, `hrgsewa`, `lama`, `total`) VALUES (\'2024-12-16\', \'P-001\', NULL, \'M-003\', NULL, NULL, \'2\', \'5000000\')', 0)
 2 SYSTEMPATH\Database\BaseConnection.php(734): CodeIgniter\Database\MySQLi\Connection->execute('INSERT INTO `peminjaman` (`tanggal`, `idpel`, `nama`, `idmobil`, `noplat`, `hrgsewa`, `lama`, `total`) VALUES (\'2024-12-16\', \'P-001\', NULL, \'M-003\', NULL, NULL, \'2\', \'5000000\')')
 3 SYSTEMPATH\Database\BaseConnection.php(648): CodeIgniter\Database\BaseConnection->simpleQuery('INSERT INTO `peminjaman` (`tanggal`, `idpel`, `nama`, `idmobil`, `noplat`, `hrgsewa`, `lama`, `total`) VALUES (\'2024-12-16\', \'P-001\', NULL, \'M-003\', NULL, NULL, \'2\', \'5000000\')')
 4 SYSTEMPATH\Database\BaseBuilder.php(2340): CodeIgniter\Database\BaseConnection->query('INSERT INTO `peminjaman` (`tanggal`, `idpel`, `nama`, `idmobil`, `noplat`, `hrgsewa`, `lama`, `total`) VALUES (:tanggal:, :idpel:, :nama:, :idmobil:, :noplat:, :hrgsewa:, :lama:, :total:)', [...], false)
 5 APPPATH\Models\ModelPeminjam.php(34): CodeIgniter\Database\BaseBuilder->insert([...])
 6 APPPATH\Controllers\Peminjam.php(38): App\Models\ModelPeminjam->insertData([...])
 7 SYSTEMPATH\CodeIgniter.php(933): App\Controllers\Peminjam->save()
 8 SYSTEMPATH\CodeIgniter.php(509): CodeIgniter\CodeIgniter->runController(Object(App\Controllers\Peminjam))
 9 SYSTEMPATH\CodeIgniter.php(355): CodeIgniter\CodeIgniter->handleRequest(null, Object(Config\Cache), false)
10 SYSTEMPATH\Boot.php(325): CodeIgniter\CodeIgniter->run()
11 SYSTEMPATH\Boot.php(67): CodeIgniter\Boot::runCodeIgniter(Object(CodeIgniter\CodeIgniter))
12 FCPATH\index.php(56): CodeIgniter\Boot::bootWeb(Object(Config\Paths))
13 SYSTEMPATH\rewrite.php(44): require_once('D:\\template\\MBL\\public\\index.php')
ERROR - 2024-12-22 07:46:41 --> mysqli_sql_exception: Unknown column 'noplat' in 'field list' in D:\template\MBL\system\Database\MySQLi\Connection.php:312
Stack trace:
#0 D:\template\MBL\system\Database\MySQLi\Connection.php(312): mysqli->query('INSERT INTO `pe...', 0)
#1 D:\template\MBL\system\Database\BaseConnection.php(734): CodeIgniter\Database\MySQLi\Connection->execute('INSERT INTO `pe...')
#2 D:\template\MBL\system\Database\BaseConnection.php(648): CodeIgniter\Database\BaseConnection->simpleQuery('INSERT INTO `pe...')
#3 D:\template\MBL\system\Database\BaseBuilder.php(2340): CodeIgniter\Database\BaseConnection->query('INSERT INTO `pe...', Array, false)
#4 D:\template\MBL\app\Models\ModelPeminjam.php(34): CodeIgniter\Database\BaseBuilder->insert(Array)
#5 D:\template\MBL\app\Controllers\Peminjam.php(37): App\Models\ModelPeminjam->insertData(Array)
#6 D:\template\MBL\system\CodeIgniter.php(933): App\Controllers\Peminjam->save()
#7 D:\template\MBL\system\CodeIgniter.php(509): CodeIgniter\CodeIgniter->runController(Object(App\Controllers\Peminjam))
#8 D:\template\MBL\system\CodeIgniter.php(355): CodeIgniter\CodeIgniter->handleRequest(NULL, Object(Config\Cache), false)
#9 D:\template\MBL\system\Boot.php(325): CodeIgniter\CodeIgniter->run()
#10 D:\template\MBL\system\Boot.php(67): CodeIgniter\Boot::runCodeIgniter(Object(CodeIgniter\CodeIgniter))
#11 D:\template\MBL\public\index.php(56): CodeIgniter\Boot::bootWeb(Object(Config\Paths))
#12 D:\template\MBL\system\rewrite.php(44): require_once('D:\\template\\MBL...')
#13 {main}
CRITICAL - 2024-12-22 07:46:41 --> CodeIgniter\Database\Exceptions\DatabaseException: Unknown column 'noplat' in 'field list'
[Method: POST, Route: Peminjam/save]
in SYSTEMPATH\Database\BaseConnection.php on line 688.
 1 SYSTEMPATH\Database\BaseBuilder.php(2340): CodeIgniter\Database\BaseConnection->query('INSERT INTO `peminjaman` (`tanggal`, `idpel`, `idmobil`, `noplat`, `hrgsewa`, `lama`, `total`) VALUES (:tanggal:, :idpel:, :idmobil:, :noplat:, :hrgsewa:, :lama:, :total:)', [...], false)
 2 APPPATH\Models\ModelPeminjam.php(34): CodeIgniter\Database\BaseBuilder->insert([...])
 3 APPPATH\Controllers\Peminjam.php(37): App\Models\ModelPeminjam->insertData([...])
 4 SYSTEMPATH\CodeIgniter.php(933): App\Controllers\Peminjam->save()
 5 SYSTEMPATH\CodeIgniter.php(509): CodeIgniter\CodeIgniter->runController(Object(App\Controllers\Peminjam))
 6 SYSTEMPATH\CodeIgniter.php(355): CodeIgniter\CodeIgniter->handleRequest(null, Object(Config\Cache), false)
 7 SYSTEMPATH\Boot.php(325): CodeIgniter\CodeIgniter->run()
 8 SYSTEMPATH\Boot.php(67): CodeIgniter\Boot::runCodeIgniter(Object(CodeIgniter\CodeIgniter))
 9 FCPATH\index.php(56): CodeIgniter\Boot::bootWeb(Object(Config\Paths))
10 SYSTEMPATH\rewrite.php(44): require_once('D:\\template\\MBL\\public\\index.php')
CRITICAL - 2024-12-22 07:46:41 --> [Caused by] CodeIgniter\Database\Exceptions\DatabaseException: Unknown column 'noplat' in 'field list'
in SYSTEMPATH\Database\MySQLi\Connection.php on line 317.
 1 SYSTEMPATH\Database\BaseConnection.php(734): CodeIgniter\Database\MySQLi\Connection->execute('INSERT INTO `peminjaman` (`tanggal`, `idpel`, `idmobil`, `noplat`, `hrgsewa`, `lama`, `total`) VALUES (\'2024-12-16\', \'P-001\', \'M-003\', NULL, NULL, \'2\', \'5000000\')')
 2 SYSTEMPATH\Database\BaseConnection.php(648): CodeIgniter\Database\BaseConnection->simpleQuery('INSERT INTO `peminjaman` (`tanggal`, `idpel`, `idmobil`, `noplat`, `hrgsewa`, `lama`, `total`) VALUES (\'2024-12-16\', \'P-001\', \'M-003\', NULL, NULL, \'2\', \'5000000\')')
 3 SYSTEMPATH\Database\BaseBuilder.php(2340): CodeIgniter\Database\BaseConnection->query('INSERT INTO `peminjaman` (`tanggal`, `idpel`, `idmobil`, `noplat`, `hrgsewa`, `lama`, `total`) VALUES (:tanggal:, :idpel:, :idmobil:, :noplat:, :hrgsewa:, :lama:, :total:)', [...], false)
 4 APPPATH\Models\ModelPeminjam.php(34): CodeIgniter\Database\BaseBuilder->insert([...])
 5 APPPATH\Controllers\Peminjam.php(37): App\Models\ModelPeminjam->insertData([...])
 6 SYSTEMPATH\CodeIgniter.php(933): App\Controllers\Peminjam->save()
 7 SYSTEMPATH\CodeIgniter.php(509): CodeIgniter\CodeIgniter->runController(Object(App\Controllers\Peminjam))
 8 SYSTEMPATH\CodeIgniter.php(355): CodeIgniter\CodeIgniter->handleRequest(null, Object(Config\Cache), false)
 9 SYSTEMPATH\Boot.php(325): CodeIgniter\CodeIgniter->run()
10 SYSTEMPATH\Boot.php(67): CodeIgniter\Boot::runCodeIgniter(Object(CodeIgniter\CodeIgniter))
11 FCPATH\index.php(56): CodeIgniter\Boot::bootWeb(Object(Config\Paths))
12 SYSTEMPATH\rewrite.php(44): require_once('D:\\template\\MBL\\public\\index.php')
CRITICAL - 2024-12-22 07:46:41 --> [Caused by] mysqli_sql_exception: Unknown column 'noplat' in 'field list'
in SYSTEMPATH\Database\MySQLi\Connection.php on line 312.
 1 SYSTEMPATH\Database\MySQLi\Connection.php(312): mysqli->query('INSERT INTO `peminjaman` (`tanggal`, `idpel`, `idmobil`, `noplat`, `hrgsewa`, `lama`, `total`) VALUES (\'2024-12-16\', \'P-001\', \'M-003\', NULL, NULL, \'2\', \'5000000\')', 0)
 2 SYSTEMPATH\Database\BaseConnection.php(734): CodeIgniter\Database\MySQLi\Connection->execute('INSERT INTO `peminjaman` (`tanggal`, `idpel`, `idmobil`, `noplat`, `hrgsewa`, `lama`, `total`) VALUES (\'2024-12-16\', \'P-001\', \'M-003\', NULL, NULL, \'2\', \'5000000\')')
 3 SYSTEMPATH\Database\BaseConnection.php(648): CodeIgniter\Database\BaseConnection->simpleQuery('INSERT INTO `peminjaman` (`tanggal`, `idpel`, `idmobil`, `noplat`, `hrgsewa`, `lama`, `total`) VALUES (\'2024-12-16\', \'P-001\', \'M-003\', NULL, NULL, \'2\', \'5000000\')')
 4 SYSTEMPATH\Database\BaseBuilder.php(2340): CodeIgniter\Database\BaseConnection->query('INSERT INTO `peminjaman` (`tanggal`, `idpel`, `idmobil`, `noplat`, `hrgsewa`, `lama`, `total`) VALUES (:tanggal:, :idpel:, :idmobil:, :noplat:, :hrgsewa:, :lama:, :total:)', [...], false)
 5 APPPATH\Models\ModelPeminjam.php(34): CodeIgniter\Database\BaseBuilder->insert([...])
 6 APPPATH\Controllers\Peminjam.php(37): App\Models\ModelPeminjam->insertData([...])
 7 SYSTEMPATH\CodeIgniter.php(933): App\Controllers\Peminjam->save()
 8 SYSTEMPATH\CodeIgniter.php(509): CodeIgniter\CodeIgniter->runController(Object(App\Controllers\Peminjam))
 9 SYSTEMPATH\CodeIgniter.php(355): CodeIgniter\CodeIgniter->handleRequest(null, Object(Config\Cache), false)
10 SYSTEMPATH\Boot.php(325): CodeIgniter\CodeIgniter->run()
11 SYSTEMPATH\Boot.php(67): CodeIgniter\Boot::runCodeIgniter(Object(CodeIgniter\CodeIgniter))
12 FCPATH\index.php(56): CodeIgniter\Boot::bootWeb(Object(Config\Paths))
13 SYSTEMPATH\rewrite.php(44): require_once('D:\\template\\MBL\\public\\index.php')
INFO - 2024-12-22 07:46:53 --> Session: Class initialized using 'CodeIgniter\Session\Handlers\FileHandler' driver.
INFO - 2024-12-22 07:47:09 --> Session: Class initialized using 'CodeIgniter\Session\Handlers\FileHandler' driver.
INFO - 2024-12-22 07:47:18 --> Session: Class initialized using 'CodeIgniter\Session\Handlers\FileHandler' driver.
INFO - 2024-12-22 07:47:38 --> Session: Class initialized using 'CodeIgniter\Session\Handlers\FileHandler' driver.
INFO - 2024-12-22 07:48:01 --> Session: Class initialized using 'CodeIgniter\Session\Handlers\FileHandler' driver.
INFO - 2024-12-22 07:48:55 --> Session: Class initialized using 'CodeIgniter\Session\Handlers\FileHandler' driver.
INFO - 2024-12-22 07:49:32 --> Session: Class initialized using 'CodeIgniter\Session\Handlers\FileHandler' driver.
INFO - 2024-12-22 07:49:46 --> Session: Class initialized using 'CodeIgniter\Session\Handlers\FileHandler' driver.
INFO - 2024-12-22 07:52:17 --> Session: Class initialized using 'CodeIgniter\Session\Handlers\FileHandler' driver.
INFO - 2024-12-22 07:52:52 --> Session: Class initialized using 'CodeIgniter\Session\Handlers\FileHandler' driver.
INFO - 2024-12-22 07:53:50 --> Session: Class initialized using 'CodeIgniter\Session\Handlers\FileHandler' driver.
INFO - 2024-12-22 07:54:04 --> Session: Class initialized using 'CodeIgniter\Session\Handlers\FileHandler' driver.
INFO - 2024-12-22 07:54:08 --> Session: Class initialized using 'CodeIgniter\Session\Handlers\FileHandler' driver.
INFO - 2024-12-22 07:54:16 --> Session: Class initialized using 'CodeIgniter\Session\Handlers\FileHandler' driver.
INFO - 2024-12-22 07:54:34 --> Session: Class initialized using 'CodeIgniter\Session\Handlers\FileHandler' driver.
INFO - 2024-12-22 07:55:19 --> Session: Class initialized using 'CodeIgniter\Session\Handlers\FileHandler' driver.
INFO - 2024-12-22 07:55:24 --> Session: Class initialized using 'CodeIgniter\Session\Handlers\FileHandler' driver.
INFO - 2024-12-22 07:56:13 --> Session: Class initialized using 'CodeIgniter\Session\Handlers\FileHandler' driver.
INFO - 2024-12-22 07:57:06 --> Session: Class initialized using 'CodeIgniter\Session\Handlers\FileHandler' driver.
INFO - 2024-12-22 08:05:11 --> Session: Class initialized using 'CodeIgniter\Session\Handlers\FileHandler' driver.
CRITICAL - 2024-12-22 08:05:11 --> ErrorException: Undefined variable $data_pel
[Method: GET, Route: pelanggan/index]
in APPPATH\Views\layout\modal.php on line 543.
 1 APPPATH\Views\layout\modal.php(543): CodeIgniter\Debug\Exceptions->errorHandler(2, 'Undefined variable $data_pel', 'D:\\template\\MBL\\app\\Views\\layout\\modal.php', 543)
 2 APPPATH\Views\layout\main.php(35): include('D:\\template\\MBL\\app\\Views\\layout\\modal.php')
 3 SYSTEMPATH\View\View.php(234): include('D:\\template\\MBL\\app\\Views\\layout\\main.php')
 4 SYSTEMPATH\View\View.php(237): CodeIgniter\View\View->CodeIgniter\View\{closure}()
 5 SYSTEMPATH\View\View.php(250): CodeIgniter\View\View->render('layout/main', [], true)
 6 SYSTEMPATH\View\View.php(250): CodeIgniter\View\View->render('layout/menu', [], true)
 7 SYSTEMPATH\Common.php(1171): CodeIgniter\View\View->render('pelanggan/v_pelanggan', [], true)
 8 APPPATH\Controllers\Pelanggan.php(12): view('pelanggan/v_pelanggan', [...])
 9 SYSTEMPATH\CodeIgniter.php(933): App\Controllers\Pelanggan->index()
10 SYSTEMPATH\CodeIgniter.php(509): CodeIgniter\CodeIgniter->runController(Object(App\Controllers\Pelanggan))
11 SYSTEMPATH\CodeIgniter.php(355): CodeIgniter\CodeIgniter->handleRequest(null, Object(Config\Cache), false)
12 SYSTEMPATH\Boot.php(325): CodeIgniter\CodeIgniter->run()
13 SYSTEMPATH\Boot.php(67): CodeIgniter\Boot::runCodeIgniter(Object(CodeIgniter\CodeIgniter))
14 FCPATH\index.php(56): CodeIgniter\Boot::bootWeb(Object(Config\Paths))
15 SYSTEMPATH\rewrite.php(44): require_once('D:\\template\\MBL\\public\\index.php')
INFO - 2024-12-22 08:05:18 --> Session: Class initialized using 'CodeIgniter\Session\Handlers\FileHandler' driver.
INFO - 2024-12-22 08:05:21 --> Session: Class initialized using 'CodeIgniter\Session\Handlers\FileHandler' driver.
CRITICAL - 2024-12-22 08:05:21 --> ErrorException: Undefined variable $data_pel
[Method: GET, Route: datamobil/index]
in APPPATH\Views\layout\modal.php on line 543.
 1 APPPATH\Views\layout\modal.php(543): CodeIgniter\Debug\Exceptions->errorHandler(2, 'Undefined variable $data_pel', 'D:\\template\\MBL\\app\\Views\\layout\\modal.php', 543)
 2 APPPATH\Views\layout\main.php(35): include('D:\\template\\MBL\\app\\Views\\layout\\modal.php')
 3 SYSTEMPATH\View\View.php(234): include('D:\\template\\MBL\\app\\Views\\layout\\main.php')
 4 SYSTEMPATH\View\View.php(237): CodeIgniter\View\View->CodeIgniter\View\{closure}()
 5 SYSTEMPATH\View\View.php(250): CodeIgniter\View\View->render('layout/main', [], true)
 6 SYSTEMPATH\View\View.php(250): CodeIgniter\View\View->render('layout/menu', [], true)
 7 SYSTEMPATH\Common.php(1171): CodeIgniter\View\View->render('datamobil/v_datamobil', [], true)
 8 APPPATH\Controllers\DataMobil.php(12): view('datamobil/v_datamobil', [...])
 9 SYSTEMPATH\CodeIgniter.php(933): App\Controllers\DataMobil->index()
10 SYSTEMPATH\CodeIgniter.php(509): CodeIgniter\CodeIgniter->runController(Object(App\Controllers\DataMobil))
11 SYSTEMPATH\CodeIgniter.php(355): CodeIgniter\CodeIgniter->handleRequest(null, Object(Config\Cache), false)
12 SYSTEMPATH\Boot.php(325): CodeIgniter\CodeIgniter->run()
13 SYSTEMPATH\Boot.php(67): CodeIgniter\Boot::runCodeIgniter(Object(CodeIgniter\CodeIgniter))
14 FCPATH\index.php(56): CodeIgniter\Boot::bootWeb(Object(Config\Paths))
15 SYSTEMPATH\rewrite.php(44): require_once('D:\\template\\MBL\\public\\index.php')
INFO - 2024-12-22 08:05:29 --> Session: Class initialized using 'CodeIgniter\Session\Handlers\FileHandler' driver.
INFO - 2024-12-22 08:05:33 --> Session: Class initialized using 'CodeIgniter\Session\Handlers\FileHandler' driver.
CRITICAL - 2024-12-22 08:05:33 --> ErrorException: Undefined variable $data_pel
[Method: GET, Route: karyawan/index]
in APPPATH\Views\layout\modal.php on line 543.
 1 APPPATH\Views\layout\modal.php(543): CodeIgniter\Debug\Exceptions->errorHandler(2, 'Undefined variable $data_pel', 'D:\\template\\MBL\\app\\Views\\layout\\modal.php', 543)
 2 APPPATH\Views\layout\main.php(35): include('D:\\template\\MBL\\app\\Views\\layout\\modal.php')
 3 SYSTEMPATH\View\View.php(234): include('D:\\template\\MBL\\app\\Views\\layout\\main.php')
 4 SYSTEMPATH\View\View.php(237): CodeIgniter\View\View->CodeIgniter\View\{closure}()
 5 SYSTEMPATH\View\View.php(250): CodeIgniter\View\View->render('layout/main', [], true)
 6 SYSTEMPATH\View\View.php(250): CodeIgniter\View\View->render('layout/menu', [], true)
 7 SYSTEMPATH\Common.php(1171): CodeIgniter\View\View->render('karyawan/v_karyawan', [], true)
 8 APPPATH\Controllers\Karyawan.php(12): view('karyawan/v_karyawan', [...])
 9 SYSTEMPATH\CodeIgniter.php(933): App\Controllers\Karyawan->index()
10 SYSTEMPATH\CodeIgniter.php(509): CodeIgniter\CodeIgniter->runController(Object(App\Controllers\Karyawan))
11 SYSTEMPATH\CodeIgniter.php(355): CodeIgniter\CodeIgniter->handleRequest(null, Object(Config\Cache), false)
12 SYSTEMPATH\Boot.php(325): CodeIgniter\CodeIgniter->run()
13 SYSTEMPATH\Boot.php(67): CodeIgniter\Boot::runCodeIgniter(Object(CodeIgniter\CodeIgniter))
14 FCPATH\index.php(56): CodeIgniter\Boot::bootWeb(Object(Config\Paths))
15 SYSTEMPATH\rewrite.php(44): require_once('D:\\template\\MBL\\public\\index.php')
INFO - 2024-12-22 08:09:19 --> Session: Class initialized using 'CodeIgniter\Session\Handlers\FileHandler' driver.
CRITICAL - 2024-12-22 08:09:19 --> ErrorException: Undefined variable $data_pel
[Method: GET, Route: karyawan/index]
in APPPATH\Views\layout\modal.php on line 543.
 1 APPPATH\Views\layout\modal.php(543): CodeIgniter\Debug\Exceptions->errorHandler(2, 'Undefined variable $data_pel', 'D:\\template\\MBL\\app\\Views\\layout\\modal.php', 543)
 2 APPPATH\Views\layout\main.php(35): include('D:\\template\\MBL\\app\\Views\\layout\\modal.php')
 3 SYSTEMPATH\View\View.php(234): include('D:\\template\\MBL\\app\\Views\\layout\\main.php')
 4 SYSTEMPATH\View\View.php(237): CodeIgniter\View\View->CodeIgniter\View\{closure}()
 5 SYSTEMPATH\View\View.php(250): CodeIgniter\View\View->render('layout/main', [], true)
 6 SYSTEMPATH\View\View.php(250): CodeIgniter\View\View->render('layout/menu', [], true)
 7 SYSTEMPATH\Common.php(1171): CodeIgniter\View\View->render('karyawan/v_karyawan', [], true)
 8 APPPATH\Controllers\Karyawan.php(12): view('karyawan/v_karyawan', [...])
 9 SYSTEMPATH\CodeIgniter.php(933): App\Controllers\Karyawan->index()
10 SYSTEMPATH\CodeIgniter.php(509): CodeIgniter\CodeIgniter->runController(Object(App\Controllers\Karyawan))
11 SYSTEMPATH\CodeIgniter.php(355): CodeIgniter\CodeIgniter->handleRequest(null, Object(Config\Cache), false)
12 SYSTEMPATH\Boot.php(325): CodeIgniter\CodeIgniter->run()
13 SYSTEMPATH\Boot.php(67): CodeIgniter\Boot::runCodeIgniter(Object(CodeIgniter\CodeIgniter))
14 FCPATH\index.php(56): CodeIgniter\Boot::bootWeb(Object(Config\Paths))
15 SYSTEMPATH\rewrite.php(44): require_once('D:\\template\\MBL\\public\\index.php')
INFO - 2024-12-22 08:09:38 --> Session: Class initialized using 'CodeIgniter\Session\Handlers\FileHandler' driver.
CRITICAL - 2024-12-22 08:09:38 --> ErrorException: Undefined variable $data_mobil
[Method: GET, Route: karyawan/index]
in APPPATH\Views\layout\modal.php on line 548.
 1 APPPATH\Views\layout\modal.php(548): CodeIgniter\Debug\Exceptions->errorHandler(2, 'Undefined variable $data_mobil', 'D:\\template\\MBL\\app\\Views\\layout\\modal.php', 548)
 2 APPPATH\Views\layout\main.php(35): include('D:\\template\\MBL\\app\\Views\\layout\\modal.php')
 3 SYSTEMPATH\View\View.php(234): include('D:\\template\\MBL\\app\\Views\\layout\\main.php')
 4 SYSTEMPATH\View\View.php(237): CodeIgniter\View\View->CodeIgniter\View\{closure}()
 5 SYSTEMPATH\View\View.php(250): CodeIgniter\View\View->render('layout/main', [], true)
 6 SYSTEMPATH\View\View.php(250): CodeIgniter\View\View->render('layout/menu', [], true)
 7 SYSTEMPATH\Common.php(1171): CodeIgniter\View\View->render('karyawan/v_karyawan', [], true)
 8 APPPATH\Controllers\Karyawan.php(12): view('karyawan/v_karyawan', [...])
 9 SYSTEMPATH\CodeIgniter.php(933): App\Controllers\Karyawan->index()
10 SYSTEMPATH\CodeIgniter.php(509): CodeIgniter\CodeIgniter->runController(Object(App\Controllers\Karyawan))
11 SYSTEMPATH\CodeIgniter.php(355): CodeIgniter\CodeIgniter->handleRequest(null, Object(Config\Cache), false)
12 SYSTEMPATH\Boot.php(325): CodeIgniter\CodeIgniter->run()
13 SYSTEMPATH\Boot.php(67): CodeIgniter\Boot::runCodeIgniter(Object(CodeIgniter\CodeIgniter))
14 FCPATH\index.php(56): CodeIgniter\Boot::bootWeb(Object(Config\Paths))
15 SYSTEMPATH\rewrite.php(44): require_once('D:\\template\\MBL\\public\\index.php')
INFO - 2024-12-22 08:09:57 --> Session: Class initialized using 'CodeIgniter\Session\Handlers\FileHandler' driver.
INFO - 2024-12-22 08:10:06 --> Session: Class initialized using 'CodeIgniter\Session\Handlers\FileHandler' driver.
INFO - 2024-12-22 08:11:42 --> Session: Class initialized using 'CodeIgniter\Session\Handlers\FileHandler' driver.
INFO - 2024-12-22 08:11:55 --> Session: Class initialized using 'CodeIgniter\Session\Handlers\FileHandler' driver.
INFO - 2024-12-22 08:11:55 --> Session: Class initialized using 'CodeIgniter\Session\Handlers\FileHandler' driver.
INFO - 2024-12-22 08:35:33 --> Session: Class initialized using 'CodeIgniter\Session\Handlers\FileHandler' driver.
INFO - 2024-12-22 08:35:38 --> Session: Class initialized using 'CodeIgniter\Session\Handlers\FileHandler' driver.
INFO - 2024-12-22 08:53:08 --> Session: Class initialized using 'CodeIgniter\Session\Handlers\FileHandler' driver.
INFO - 2024-12-22 08:53:12 --> Session: Class initialized using 'CodeIgniter\Session\Handlers\FileHandler' driver.
ERROR - 2024-12-22 09:03:08 --> mysqli_sql_exception: Unknown column 'nama' in 'field list' in D:\template\MBL\system\Database\MySQLi\Connection.php:312
Stack trace:
#0 D:\template\MBL\system\Database\MySQLi\Connection.php(312): mysqli->query('UPDATE `peminja...', 0)
#1 D:\template\MBL\system\Database\BaseConnection.php(734): CodeIgniter\Database\MySQLi\Connection->execute('UPDATE `peminja...')
#2 D:\template\MBL\system\Database\BaseConnection.php(648): CodeIgniter\Database\BaseConnection->simpleQuery('UPDATE `peminja...')
#3 D:\template\MBL\system\Database\BaseBuilder.php(2516): CodeIgniter\Database\BaseConnection->query('UPDATE `peminja...', Array, false)
#4 D:\template\MBL\app\Models\ModelPeminjam.php(45): CodeIgniter\Database\BaseBuilder->update(Array, Array)
#5 D:\template\MBL\app\Controllers\Peminjam.php(60): App\Models\ModelPeminjam->updatePeminjam(Array, '1')
#6 D:\template\MBL\system\CodeIgniter.php(933): App\Controllers\Peminjam->update()
#7 D:\template\MBL\system\CodeIgniter.php(509): CodeIgniter\CodeIgniter->runController(Object(App\Controllers\Peminjam))
#8 D:\template\MBL\system\CodeIgniter.php(355): CodeIgniter\CodeIgniter->handleRequest(NULL, Object(Config\Cache), false)
#9 D:\template\MBL\system\Boot.php(325): CodeIgniter\CodeIgniter->run()
#10 D:\template\MBL\system\Boot.php(67): CodeIgniter\Boot::runCodeIgniter(Object(CodeIgniter\CodeIgniter))
#11 D:\template\MBL\public\index.php(56): CodeIgniter\Boot::bootWeb(Object(Config\Paths))
#12 D:\template\MBL\system\rewrite.php(44): require_once('D:\\template\\MBL...')
#13 {main}
CRITICAL - 2024-12-22 09:03:08 --> CodeIgniter\Database\Exceptions\DatabaseException: Unknown column 'nama' in 'field list'
[Method: POST, Route: Peminjam/update]
in SYSTEMPATH\Database\BaseConnection.php on line 688.
 1 SYSTEMPATH\Database\BaseBuilder.php(2516): CodeIgniter\Database\BaseConnection->query('UPDATE `peminjaman` SET `tanggal` = :tanggal:, `idpel` = :idpel:, `nama` = :nama:, `idmobil` = :idmobil:, `noplat` = :noplat:, `hrgsewa` = :hrgsewa:, `lama` = :lama:, `total` = :total:
WHERE `idpeminjam` = :idpeminjam:', [...], false)
 2 APPPATH\Models\ModelPeminjam.php(45): CodeIgniter\Database\BaseBuilder->update([...], [...])
 3 APPPATH\Controllers\Peminjam.php(60): App\Models\ModelPeminjam->updatePeminjam([...], '1')
 4 SYSTEMPATH\CodeIgniter.php(933): App\Controllers\Peminjam->update()
 5 SYSTEMPATH\CodeIgniter.php(509): CodeIgniter\CodeIgniter->runController(Object(App\Controllers\Peminjam))
 6 SYSTEMPATH\CodeIgniter.php(355): CodeIgniter\CodeIgniter->handleRequest(null, Object(Config\Cache), false)
 7 SYSTEMPATH\Boot.php(325): CodeIgniter\CodeIgniter->run()
 8 SYSTEMPATH\Boot.php(67): CodeIgniter\Boot::runCodeIgniter(Object(CodeIgniter\CodeIgniter))
 9 FCPATH\index.php(56): CodeIgniter\Boot::bootWeb(Object(Config\Paths))
10 SYSTEMPATH\rewrite.php(44): require_once('D:\\template\\MBL\\public\\index.php')
CRITICAL - 2024-12-22 09:03:08 --> [Caused by] CodeIgniter\Database\Exceptions\DatabaseException: Unknown column 'nama' in 'field list'
in SYSTEMPATH\Database\MySQLi\Connection.php on line 317.
 1 SYSTEMPATH\Database\BaseConnection.php(734): CodeIgniter\Database\MySQLi\Connection->execute('UPDATE `peminjaman` SET `tanggal` = \'2024-12-17\', `idpel` = \'P-001\', `nama` = NULL, `idmobil` = \'M-003\', `noplat` = NULL, `hrgsewa` = NULL, `lama` = \'2\', `total` = \'2500000\'
WHERE `idpeminjam` = \'1\'')
 2 SYSTEMPATH\Database\BaseConnection.php(648): CodeIgniter\Database\BaseConnection->simpleQuery('UPDATE `peminjaman` SET `tanggal` = \'2024-12-17\', `idpel` = \'P-001\', `nama` = NULL, `idmobil` = \'M-003\', `noplat` = NULL, `hrgsewa` = NULL, `lama` = \'2\', `total` = \'2500000\'
WHERE `idpeminjam` = \'1\'')
 3 SYSTEMPATH\Database\BaseBuilder.php(2516): CodeIgniter\Database\BaseConnection->query('UPDATE `peminjaman` SET `tanggal` = :tanggal:, `idpel` = :idpel:, `nama` = :nama:, `idmobil` = :idmobil:, `noplat` = :noplat:, `hrgsewa` = :hrgsewa:, `lama` = :lama:, `total` = :total:
WHERE `idpeminjam` = :idpeminjam:', [...], false)
 4 APPPATH\Models\ModelPeminjam.php(45): CodeIgniter\Database\BaseBuilder->update([...], [...])
 5 APPPATH\Controllers\Peminjam.php(60): App\Models\ModelPeminjam->updatePeminjam([...], '1')
 6 SYSTEMPATH\CodeIgniter.php(933): App\Controllers\Peminjam->update()
 7 SYSTEMPATH\CodeIgniter.php(509): CodeIgniter\CodeIgniter->runController(Object(App\Controllers\Peminjam))
 8 SYSTEMPATH\CodeIgniter.php(355): CodeIgniter\CodeIgniter->handleRequest(null, Object(Config\Cache), false)
 9 SYSTEMPATH\Boot.php(325): CodeIgniter\CodeIgniter->run()
10 SYSTEMPATH\Boot.php(67): CodeIgniter\Boot::runCodeIgniter(Object(CodeIgniter\CodeIgniter))
11 FCPATH\index.php(56): CodeIgniter\Boot::bootWeb(Object(Config\Paths))
12 SYSTEMPATH\rewrite.php(44): require_once('D:\\template\\MBL\\public\\index.php')
CRITICAL - 2024-12-22 09:03:08 --> [Caused by] mysqli_sql_exception: Unknown column 'nama' in 'field list'
in SYSTEMPATH\Database\MySQLi\Connection.php on line 312.
 1 SYSTEMPATH\Database\MySQLi\Connection.php(312): mysqli->query('UPDATE `peminjaman` SET `tanggal` = \'2024-12-17\', `idpel` = \'P-001\', `nama` = NULL, `idmobil` = \'M-003\', `noplat` = NULL, `hrgsewa` = NULL, `lama` = \'2\', `total` = \'2500000\'
WHERE `idpeminjam` = \'1\'', 0)
 2 SYSTEMPATH\Database\BaseConnection.php(734): CodeIgniter\Database\MySQLi\Connection->execute('UPDATE `peminjaman` SET `tanggal` = \'2024-12-17\', `idpel` = \'P-001\', `nama` = NULL, `idmobil` = \'M-003\', `noplat` = NULL, `hrgsewa` = NULL, `lama` = \'2\', `total` = \'2500000\'
WHERE `idpeminjam` = \'1\'')
 3 SYSTEMPATH\Database\BaseConnection.php(648): CodeIgniter\Database\BaseConnection->simpleQuery('UPDATE `peminjaman` SET `tanggal` = \'2024-12-17\', `idpel` = \'P-001\', `nama` = NULL, `idmobil` = \'M-003\', `noplat` = NULL, `hrgsewa` = NULL, `lama` = \'2\', `total` = \'2500000\'
WHERE `idpeminjam` = \'1\'')
 4 SYSTEMPATH\Database\BaseBuilder.php(2516): CodeIgniter\Database\BaseConnection->query('UPDATE `peminjaman` SET `tanggal` = :tanggal:, `idpel` = :idpel:, `nama` = :nama:, `idmobil` = :idmobil:, `noplat` = :noplat:, `hrgsewa` = :hrgsewa:, `lama` = :lama:, `total` = :total:
WHERE `idpeminjam` = :idpeminjam:', [...], false)
 5 APPPATH\Models\ModelPeminjam.php(45): CodeIgniter\Database\BaseBuilder->update([...], [...])
 6 APPPATH\Controllers\Peminjam.php(60): App\Models\ModelPeminjam->updatePeminjam([...], '1')
 7 SYSTEMPATH\CodeIgniter.php(933): App\Controllers\Peminjam->update()
 8 SYSTEMPATH\CodeIgniter.php(509): CodeIgniter\CodeIgniter->runController(Object(App\Controllers\Peminjam))
 9 SYSTEMPATH\CodeIgniter.php(355): CodeIgniter\CodeIgniter->handleRequest(null, Object(Config\Cache), false)
10 SYSTEMPATH\Boot.php(325): CodeIgniter\CodeIgniter->run()
11 SYSTEMPATH\Boot.php(67): CodeIgniter\Boot::runCodeIgniter(Object(CodeIgniter\CodeIgniter))
12 FCPATH\index.php(56): CodeIgniter\Boot::bootWeb(Object(Config\Paths))
13 SYSTEMPATH\rewrite.php(44): require_once('D:\\template\\MBL\\public\\index.php')
INFO - 2024-12-22 09:03:16 --> Session: Class initialized using 'CodeIgniter\Session\Handlers\FileHandler' driver.
INFO - 2024-12-22 09:03:50 --> Session: Class initialized using 'CodeIgniter\Session\Handlers\FileHandler' driver.
INFO - 2024-12-22 09:04:23 --> Session: Class initialized using 'CodeIgniter\Session\Handlers\FileHandler' driver.
